"../../../../../../Users/keywh/Documents/GitHub/Studio2Dreamteam/Content/NewLevelSequence.uasset" 0
"../../../../../../Users/keywh/Documents/GitHub/Studio2Dreamteam/Content/lambert43.uasset" 1
"../../../../../../Users/keywh/Documents/GitHub/Studio2Dreamteam/Content/SM_chandelier.uasset" 2
"../../../../../../Users/keywh/Documents/GitHub/Studio2Dreamteam/Content/Foyer_Assets/Noah/Textures/FoyerUV1.uasset" 3
"../../../../../../Users/keywh/Documents/GitHub/Studio2Dreamteam/Content/Foyer_Assets/Noah/Textures/Foyer1.uasset" 4
"../../../../../../Users/keywh/Documents/GitHub/Studio2Dreamteam/Content/Foyer_Assets/Noah/Props/CM_Small.uasset" 5
"../../../../../../Users/keywh/Documents/GitHub/Studio2Dreamteam/Content/Foyer_Assets/Noah/Textures/FoyerUV2.uasset" 6
"../../../../../../Users/keywh/Documents/GitHub/Studio2Dreamteam/Content/Foyer_Assets/Noah/Textures/Foyer2.uasset" 7
"../../../../../../Users/keywh/Documents/GitHub/Studio2Dreamteam/Content/Foyer_Assets/Noah/Props/PillarShort.uasset" 8
"../../../../../../Users/keywh/Documents/GitHub/Studio2Dreamteam/Content/Foyer_Assets/Noah/Props/PillarTallCorner.uasset" 9
"../../../../../../Users/keywh/Documents/GitHub/Studio2Dreamteam/Content/Foyer_Assets/Noah/Props/PillarTallSide.uasset" 10
"../../../../../../Users/keywh/Documents/GitHub/Studio2Dreamteam/Content/Foyer_Assets/Noah/Props/WallSmall.uasset" 11
"../../../../../../Users/keywh/Documents/GitHub/Studio2Dreamteam/Content/Foyer_Assets/Noah/Textures/FoyerUV1_Mat.uasset" 12
"../../../../../../Users/keywh/Documents/GitHub/Studio2Dreamteam/Content/Geometry/Meshes/CubeMaterial.uasset" 13
"../../../../../../Users/keywh/Documents/GitHub/Studio2Dreamteam/Content/Geometry/Meshes/1M_Cube_Chamfer.uasset" 14
"../../../../../../Users/keywh/Documents/GitHub/Studio2Dreamteam/Content/Geometry/Meshes/TemplateFloor.uasset" 15
"../../../../../../Users/keywh/Documents/GitHub/Studio2Dreamteam/Content/HannahsFolder/SM/M_GreenChair.uasset" 16
"../../../../../../Users/keywh/Documents/GitHub/Studio2Dreamteam/Content/HannahsFolder/SM/GreenChair.uasset" 17
"../../../../../../Users/keywh/Documents/GitHub/Studio2Dreamteam/Content/HannahsFolder/SM/M_RedChair.uasset" 18
"../../../../../../Users/keywh/Documents/GitHub/Studio2Dreamteam/Content/HannahsFolder/SM/TX_Vase__BaseColor.uasset" 19
"../../../../../../Users/keywh/Documents/GitHub/Studio2Dreamteam/Content/HannahsFolder/SM/M_Vase__BaseColor.uasset" 20
"../../../../../../Users/keywh/Documents/GitHub/Studio2Dreamteam/Content/HannahsFolder/SM/M_PinkChair.uasset" 21
"../../../../../../Users/keywh/Documents/GitHub/Studio2Dreamteam/Content/HannahsFolder/SM/PinkChair.uasset" 22
"../../../Engine/Content/EngineMaterials/T_Default_Material_Grid_N.uasset" 23
"../../../Engine/Content/EngineMaterials/T_Default_Material_Grid_M.uasset" 24
"../../../Engine/Content/Functions/Engine_MaterialFunctions01/Opacity/CameraDepthFade.uasset" 25
"../../../Engine/Content/EngineMaterials/WorldGridMaterial.uasset" 26
"../../../../../../Users/keywh/Documents/GitHub/Studio2Dreamteam/Content/HannahsFolder/SM/Foyer/SM_Clock.uasset" 27
"../../../../../../Users/keywh/Documents/GitHub/Studio2Dreamteam/Content/HannahsFolder/SM/SM_Clock.uasset" 28
"../../../../../../Users/keywh/Documents/GitHub/Studio2Dreamteam/Content/HannahsFolder/SM/Foyer/SM_Lamp.uasset" 29
"../../../../../../Users/keywh/Documents/GitHub/Studio2Dreamteam/Content/HannahsFolder/SM/SM_Lamp.uasset" 30
"../../../../../../Users/keywh/Documents/GitHub/Studio2Dreamteam/Content/HannahsFolder/SM/Foyer/SM_LongTable.uasset" 31
"../../../../../../Users/keywh/Documents/GitHub/Studio2Dreamteam/Content/HannahsFolder/SM/SM_LongTable.uasset" 32
"../../../../../../Users/keywh/Documents/GitHub/Studio2Dreamteam/Content/HannahsFolder/SM/Foyer/SM_SmallSofa.uasset" 33
"../../../../../../Users/keywh/Documents/GitHub/Studio2Dreamteam/Content/HannahsFolder/SM/SM_SmallSofa.uasset" 34
"../../../../../../Users/keywh/Documents/GitHub/Studio2Dreamteam/Content/HannahsFolder/SM/SM_NewSofa.uasset" 35
"../../../../../../Users/keywh/Documents/GitHub/Studio2Dreamteam/Content/HannahsFolder/SM/SM_SmallSofa_green_BaseColor.uasset" 36
"../../../../../../Users/keywh/Documents/GitHub/Studio2Dreamteam/Content/HannahsFolder/SM/SM_SmallSofa_lambert1_BaseColor.uasset" 37
"../../../../../../Users/keywh/Documents/GitHub/Studio2Dreamteam/Content/HannahsFolder/SM/M_WallLamp_red_BaseColor.uasset" 38
"../../../../../../Users/keywh/Documents/GitHub/Studio2Dreamteam/Content/HannahsFolder/SM/M_WallLamp.uasset" 39
"../../../../../../Users/keywh/Documents/GitHub/Studio2Dreamteam/Content/HannahsFolder/SM/Foyer/SM_WallLamp.uasset" 40
"../../../../../../Users/keywh/Documents/GitHub/Studio2Dreamteam/Content/HannahsFolder/SM/SM_WallLamp.uasset" 41
"../../../../../../Users/keywh/Documents/GitHub/Studio2Dreamteam/Content/HannahsFolder/SM/TX_SmallSofa_red_BaseColor.uasset" 42
"../../../../../../Users/keywh/Documents/GitHub/Studio2Dreamteam/Content/HannahsFolder/SM/M_Vase.uasset" 43
"../../../../../../Users/keywh/Documents/GitHub/Studio2Dreamteam/Content/HannahsFolder/SM/VaseMat.uasset" 44
"../../../../../../Users/keywh/Documents/GitHub/Studio2Dreamteam/Content/JaVaughnTestFolder/lambert1.uasset" 45
"../../../../../../Users/keywh/Documents/GitHub/Studio2Dreamteam/Content/JaVaughnTestFolder/obstacle.uasset" 46
"../../../../../../Users/keywh/Documents/GitHub/Studio2Dreamteam/Content/KeysTestFolder/AC_TakeDamage.uasset" 47
"../../../../../../Users/keywh/Documents/GitHub/Studio2Dreamteam/Content/KeysTestFolder/lambert1.uasset" 48
"../../../../../../Users/keywh/Documents/GitHub/Studio2Dreamteam/Content/KeysTestFolder/simple_cylinder.uasset" 49
"../../../../../../Users/keywh/Documents/GitHub/Studio2Dreamteam/Content/Lentz_stuffs/fancycandle_texture.uasset" 50
"../../../../../../Users/keywh/Documents/GitHub/Studio2Dreamteam/Content/Lentz_stuffs/Candle.uasset" 51
"../../../../../../Users/keywh/Documents/GitHub/Studio2Dreamteam/Content/Lentz_stuffs/lambert1.uasset" 52
"../../../../../../Users/keywh/Documents/GitHub/Studio2Dreamteam/Content/Lentz_stuffs/lentz_book01.uasset" 53
"../../../../../../Users/keywh/Documents/GitHub/Studio2Dreamteam/Content/Lentz_stuffs/lentz_candle.uasset" 54
"../../../../../../Users/keywh/Documents/GitHub/Studio2Dreamteam/Content/Lentz_stuffs/VP_Base_N.uasset" 55
"../../../../../../Users/keywh/Documents/GitHub/Studio2Dreamteam/Content/Lentz_stuffs/pasted__lambert5.uasset" 56
"../../../../../../Users/keywh/Documents/GitHub/Studio2Dreamteam/Content/Lentz_stuffs/lentz_pictureframe.uasset" 57
"../../../../../../Users/keywh/Documents/GitHub/Studio2Dreamteam/Content/Lentz_stuffs/group_objects/allinone_texture.uasset" 58
"../../../../../../Users/keywh/Documents/GitHub/Studio2Dreamteam/Content/Lentz_stuffs/group_objects/allinonephotoshop_ver2.uasset" 59
"../../../../../../Users/keywh/Documents/GitHub/Studio2Dreamteam/Content/Lentz_stuffs/group_objects/lambert1.uasset" 60
"../../../../../../Users/keywh/Documents/GitHub/Studio2Dreamteam/Content/Lentz_stuffs/group_objects/lentz_roundedcarpet.uasset" 61
"../../../../../../Users/keywh/Documents/GitHub/Studio2Dreamteam/Content/NickFolder/Hand/ANIM_Hand_CanGrab_PhysicsAsset.uasset" 62
"../../../../../../Users/keywh/Documents/GitHub/Studio2Dreamteam/Content/NickFolder/Hand/Hand_Topo_Normal_DirectX.uasset" 63
"../../../../../../Users/keywh/Documents/GitHub/Studio2Dreamteam/Content/NickFolder/Hand/Hand_Topo_Mixed_AO.uasset" 64
"../../../../../../Users/keywh/Documents/GitHub/Studio2Dreamteam/Content/NickFolder/Hand/Hand_Topo_Base_Color.uasset" 65
"../../../../../../Users/keywh/Documents/GitHub/Studio2Dreamteam/Content/NickFolder/Hand/M_Hand.uasset" 66
"../../../../../../Users/keywh/Documents/GitHub/Studio2Dreamteam/Content/NickFolder/Hand/Hand_Topo.uasset" 67
"../../../../../../Users/keywh/Documents/GitHub/Studio2Dreamteam/Content/NickFolder/Hand/SK_Hands_Skeleton.uasset" 68
"../../../../../../Users/keywh/Documents/GitHub/Studio2Dreamteam/Content/NickFolder/Hand/ANIM_Hand_CanGrab.uasset" 69
"../../../Engine/Content/Animation/DefaultAnimCurveCompressionSettings.uasset" 70
"../../../Engine/Content/Animation/DefaultAnimBoneCompressionSettings.uasset" 71
"../../../../../../Users/keywh/Documents/GitHub/Studio2Dreamteam/Content/NickFolder/Hand/ANIM_Hand_CanGrab_Anim.uasset" 72
"../../../../../../Users/keywh/Documents/GitHub/Studio2Dreamteam/Content/NickFolder/Hand/ANIM_Hand_Grab_PhysicsAsset.uasset" 73
"../../../../../../Users/keywh/Documents/GitHub/Studio2Dreamteam/Content/NickFolder/Hand/ANIM_Hand_Grab.uasset" 74
"../../../../../../Users/keywh/Documents/GitHub/Studio2Dreamteam/Content/NickFolder/Hand/ANIM_Hand_Open_PhysicsAsset.uasset" 75
"../../../../../../Users/keywh/Documents/GitHub/Studio2Dreamteam/Content/NickFolder/Hand/ANIM_Hand_Open.uasset" 76
"../../../../../../Users/keywh/Documents/GitHub/Studio2Dreamteam/Content/NickFolder/Hand/SM_Watch_Base_Color.uasset" 77
"../../../../../../Users/keywh/Documents/GitHub/Studio2Dreamteam/Content/NickFolder/Hand/M_Watch.uasset" 78
"../../../../../../Users/keywh/Documents/GitHub/Studio2Dreamteam/Content/NickFolder/Hand/SM_Watch.uasset" 79
"../../../../../../Users/keywh/Documents/GitHub/Studio2Dreamteam/Content/Noah_ModularPieces/lambert1.uasset" 80
"../../../../../../Users/keywh/Documents/GitHub/Studio2Dreamteam/Content/Noah_ModularPieces/Ceiling_512.uasset" 81
"../../../../../../Users/keywh/Documents/GitHub/Studio2Dreamteam/Content/Noah_ModularPieces/Ceiling_512_lambert1_BaseColor.uasset" 82
"../../../../../../Users/keywh/Documents/GitHub/Studio2Dreamteam/Content/Noah_ModularPieces/Ceiling_512_lambert1_BaseColor_Mat.uasset" 83
"../../../../../../Users/keywh/Documents/GitHub/Studio2Dreamteam/Content/Noah_ModularPieces/M_Ceiling.uasset" 84
"../../../../../../Users/keywh/Documents/GitHub/Studio2Dreamteam/Content/Noah_ModularPieces/Ceiling_Mat.uasset" 85
"../../../../../../Users/keywh/Documents/GitHub/Studio2Dreamteam/Content/Noah_ModularPieces/lambert2.uasset" 86
"../../../../../../Users/keywh/Documents/GitHub/Studio2Dreamteam/Content/Noah_ModularPieces/CrownMolding_0_5x1.uasset" 87
"../../../../../../Users/keywh/Documents/GitHub/Studio2Dreamteam/Content/Noah_ModularPieces/CrownMolding_0_5x1_lambert2_BaseColor.uasset" 88
"../../../../../../Users/keywh/Documents/GitHub/Studio2Dreamteam/Content/Noah_ModularPieces/CrownMolding_Mat.uasset" 89
"../../../../../../Users/keywh/Documents/GitHub/Studio2Dreamteam/Content/Noah_ModularPieces/Door.uasset" 90
"../../../../../../Users/keywh/Documents/GitHub/Studio2Dreamteam/Content/Noah_ModularPieces/DoorFrame.uasset" 91
"../../../../../../Users/keywh/Documents/GitHub/Studio2Dreamteam/Content/Noah_ModularPieces/FancyFrame_BigFrame_BaseColor.uasset" 92
"../../../../../../Users/keywh/Documents/GitHub/Studio2Dreamteam/Content/Noah_ModularPieces/M_FancyFrame.uasset" 93
"../../../../../../Users/keywh/Documents/GitHub/Studio2Dreamteam/Content/Noah_ModularPieces/BigFrame.uasset" 94
"../../../../../../Users/keywh/Documents/GitHub/Studio2Dreamteam/Content/Noah_ModularPieces/FancyFrame.uasset" 95
"../../../../../../Users/keywh/Documents/GitHub/Studio2Dreamteam/Content/Noah_ModularPieces/Floor_Upper_lambert10_BaseColor.uasset" 96
"../../../../../../Users/keywh/Documents/GitHub/Studio2Dreamteam/Content/Noah_ModularPieces/FloorUpper_Mat.uasset" 97
"../../../../../../Users/keywh/Documents/GitHub/Studio2Dreamteam/Content/Noah_ModularPieces/Floor_512_lambert1_BaseColor.uasset" 98
"../../../../../../Users/keywh/Documents/GitHub/Studio2Dreamteam/Content/Noah_ModularPieces/Floor_512_lambert1_BaseColor_Mat.uasset" 99
"../../../../../../Users/keywh/Documents/GitHub/Studio2Dreamteam/Content/Noah_ModularPieces/lambert10.uasset" 100
"../../../../../../Users/keywh/Documents/GitHub/Studio2Dreamteam/Content/Noah_ModularPieces/Floor_Upper.uasset" 101
"../../../../../../Users/keywh/Documents/GitHub/Studio2Dreamteam/Content/Noah_ModularPieces/SM_Pillar_Short.uasset" 102
"../../../../../../Users/keywh/Documents/GitHub/Studio2Dreamteam/Content/Noah_ModularPieces/PillarShort.uasset" 103
"../../../../../../Users/keywh/Documents/GitHub/Studio2Dreamteam/Content/Noah_ModularPieces/PillarShort_BaseColor.uasset" 104
"../../../../../../Users/keywh/Documents/GitHub/Studio2Dreamteam/Content/Noah_ModularPieces/PillarShort_BaseColor_Mat.uasset" 105
"../../../../../../Users/keywh/Documents/GitHub/Studio2Dreamteam/Content/Noah_ModularPieces/PillarShort_lambert3_BaseColor__1_.uasset" 106
"../../../../../../Users/keywh/Documents/GitHub/Studio2Dreamteam/Content/Noah_ModularPieces/PillarShort_lambert3_BaseColor__1__Mat.uasset" 107
"../../../../../../Users/keywh/Documents/GitHub/Studio2Dreamteam/Content/Noah_ModularPieces/PillarShort_Mat.uasset" 108
"../../../../../../Users/keywh/Documents/GitHub/Studio2Dreamteam/Content/Noah_ModularPieces/SM_Pillar_Tall.uasset" 109
"../../../../../../Users/keywh/Documents/GitHub/Studio2Dreamteam/Content/Noah_ModularPieces/PillarTall.uasset" 110
"../../../../../../Users/keywh/Documents/GitHub/Studio2Dreamteam/Content/Noah_ModularPieces/PillarTall_BaseColor.uasset" 111
"../../../../../../Users/keywh/Documents/GitHub/Studio2Dreamteam/Content/Noah_ModularPieces/PillarTall_Mat.uasset" 112
"../../../../../../Users/keywh/Documents/GitHub/Studio2Dreamteam/Content/Noah_ModularPieces/WallBase_0_5x1_lambert2_BaseColor.uasset" 113
"../../../../../../Users/keywh/Documents/GitHub/Studio2Dreamteam/Content/Noah_ModularPieces/WallBase_0_5x1_lambert2_BaseColor_Mat.uasset" 114
"../../../../../../Users/keywh/Documents/GitHub/Studio2Dreamteam/Content/Noah_ModularPieces/Wall_1x1Big.uasset" 115
"../../../../../../Users/keywh/Documents/GitHub/Studio2Dreamteam/Content/Noah_ModularPieces/Wall_1x1Big_lambert1_BaseColor.uasset" 116
"../../../../../../Users/keywh/Documents/GitHub/Studio2Dreamteam/Content/Noah_ModularPieces/Wall_1x1Big_lambert1_BaseColor_Mat.uasset" 117
"../../../../../../Users/keywh/Documents/GitHub/Studio2Dreamteam/Content/Noah_ModularPieces/Wall_Mat.uasset" 118
"../../../../../../Users/keywh/Documents/GitHub/Studio2Dreamteam/Content/Noah_ModularPieces/Window.uasset" 119
"../../../../../../Users/keywh/Documents/GitHub/Studio2Dreamteam/Content/Noah_ModularPieces/Window__1_.uasset" 120
"../../../../../../Users/keywh/Documents/GitHub/Studio2Dreamteam/Content/Foyer_Assets/Noah/StairsNew.uasset" 121
"../../../../../../Users/keywh/Documents/GitHub/Studio2Dreamteam/Content/JaVaughnTestFolder/Bookcase.uasset" 122
"../../../../../../Users/keywh/Documents/GitHub/Studio2Dreamteam/Content/KeysTestFolder/TaskGetRandomLocation.uasset" 123
"../../../../../../Users/keywh/Documents/GitHub/Studio2Dreamteam/Content/KeysTestFolder/TaskGetRandomLocation_New.uasset" 124
"../../../../../../Users/keywh/Documents/GitHub/Studio2Dreamteam/Content/Lentz_stuffs/Entrance_Models/lambert1.uasset" 125
"../../../../../../Users/keywh/Documents/GitHub/Studio2Dreamteam/Content/Lentz_stuffs/Entrance_Models/entrance_bookshelf.uasset" 126
"../../../../../../Users/keywh/Documents/GitHub/Studio2Dreamteam/Content/Lentz_stuffs/Entrance_Models/entrance_bookshelf2.uasset" 127
"../../../../../../Users/keywh/Documents/GitHub/Studio2Dreamteam/Content/Lentz_stuffs/Entrance_Models/entrance_drawer1.uasset" 128
"../../../../../../Users/keywh/Documents/GitHub/Studio2Dreamteam/Content/Lentz_stuffs/Entrance_Models/entrance_drawer2.uasset" 129
"../../../../../../Users/keywh/Documents/GitHub/Studio2Dreamteam/Content/Lentz_stuffs/Entrance_Models/entrance_footstool.uasset" 130
"../../../../../../Users/keywh/Documents/GitHub/Studio2Dreamteam/Content/Lentz_stuffs/Entrance_Models/entrance_light.uasset" 131
"../../../../../../Users/keywh/Documents/GitHub/Studio2Dreamteam/Content/Lentz_stuffs/Entrance_Models/entrance_sofa.uasset" 132
"../../../../../../Users/keywh/Documents/GitHub/Studio2Dreamteam/Content/Lentz_stuffs/Entrance_Models/entrance_vase.uasset" 133
"../../../../../../Users/keywh/Documents/GitHub/Studio2Dreamteam/Content/RubensSoundDesignStuff/Iteration1/AmbientHouseNoise.uasset" 134
"../../../../../../Users/keywh/Documents/GitHub/Studio2Dreamteam/Content/RubensSoundDesignStuff/Iteration1/AmbientMusic_possibly_.uasset" 135
"../../../../../../Users/keywh/Documents/GitHub/Studio2Dreamteam/Content/RubensSoundDesignStuff/Iteration1/AmbientWind.uasset" 136
"../../../../../../Users/keywh/Documents/GitHub/Studio2Dreamteam/Content/RubensSoundDesignStuff/Iteration1/BiteAttack.uasset" 137
"../../../../../../Users/keywh/Documents/GitHub/Studio2Dreamteam/Content/RubensSoundDesignStuff/Iteration1/ChaseMusic_Possibly_.uasset" 138
"../../../../../../Users/keywh/Documents/GitHub/Studio2Dreamteam/Content/RubensSoundDesignStuff/Iteration1/DeathSound.uasset" 139
"../../../../../../Users/keywh/Documents/GitHub/Studio2Dreamteam/Content/RubensSoundDesignStuff/Iteration1/DemonSong.uasset" 140
"../../../../../../Users/keywh/Documents/GitHub/Studio2Dreamteam/Content/RubensSoundDesignStuff/Iteration1/DoorInteractionSlam.uasset" 141
"../../../../../../Users/keywh/Documents/GitHub/Studio2Dreamteam/Content/RubensSoundDesignStuff/Iteration1/Grab.uasset" 142
"../../../../../../Users/keywh/Documents/GitHub/Studio2Dreamteam/Content/RubensSoundDesignStuff/Iteration1/GrabTreasure.uasset" 143
"../../../../../../Users/keywh/Documents/GitHub/Studio2Dreamteam/Content/RubensSoundDesignStuff/Iteration1/OriginalSong_DemonSong_.uasset" 144
"../../../../../../Users/keywh/Documents/GitHub/Studio2Dreamteam/Content/RubensSoundDesignStuff/Iteration1/PainfulYelp.uasset" 145
"../../../../../../Users/keywh/Documents/GitHub/Studio2Dreamteam/Content/RubensSoundDesignStuff/Iteration1/PainfulYelpWithInjury.uasset" 146
"../../../../../../Users/keywh/Documents/GitHub/Studio2Dreamteam/Content/RubensSoundDesignStuff/Iteration1/PlayerRun.uasset" 147
"../../../../../../Users/keywh/Documents/GitHub/Studio2Dreamteam/Content/RubensSoundDesignStuff/Iteration1/PlayerSneakwav.uasset" 148
"../../../../../../Users/keywh/Documents/GitHub/Studio2Dreamteam/Content/RubensSoundDesignStuff/Iteration1/PlayerWalk.uasset" 149
"../../../../../../Users/keywh/Documents/GitHub/Studio2Dreamteam/Content/RubensSoundDesignStuff/Iteration1/VampireRun.uasset" 150
"../../../../../../Users/keywh/Documents/GitHub/Studio2Dreamteam/Content/RubensSoundDesignStuff/Iteration1/VampireWalk.uasset" 151
"../../../../../../Users/keywh/Documents/GitHub/Studio2Dreamteam/Content/RubensSoundDesignStuff/Iteration1/VampiricWail.uasset" 152
"../../../../../../Users/keywh/Documents/GitHub/Studio2Dreamteam/Content/RubensSoundDesignStuff/Iteration1/VampiricWailLESSREVERB.uasset" 153
"../../../../../../Users/keywh/Documents/GitHub/Studio2Dreamteam/Content/StarterContent/Materials/M_Basic_Wall.uasset" 154
"../../../../../../Users/keywh/Documents/GitHub/Studio2Dreamteam/Content/StarterContent/Architecture/Pillar_50x500.uasset" 155
"../../../../../../Users/keywh/Documents/GitHub/Studio2Dreamteam/Content/StarterContent/Architecture/Wall_400x300.uasset" 156
"../../../../../../Users/keywh/Documents/GitHub/Studio2Dreamteam/Content/StarterContent/Architecture/Wall_400x400.uasset" 157
"../../../../../../Users/keywh/Documents/GitHub/Studio2Dreamteam/Content/StarterContent/Architecture/Wall_500x500.uasset" 158
"../../../../../../Users/keywh/Documents/GitHub/Studio2Dreamteam/Content/StarterContent/Architecture/Wall_Door_400x400.uasset" 159
"../../../../../../Users/keywh/Documents/GitHub/Studio2Dreamteam/Content/StarterContent/Architecture/Wall_Window_400x400.uasset" 160
"../../../../../../Users/keywh/Documents/GitHub/Studio2Dreamteam/Content/StarterContent/Audio/Collapse01.uasset" 161
"../../../../../../Users/keywh/Documents/GitHub/Studio2Dreamteam/Content/StarterContent/Audio/Collapse02.uasset" 162
"../../../../../../Users/keywh/Documents/GitHub/Studio2Dreamteam/Content/StarterContent/Audio/Explosion01.uasset" 163
"../../../../../../Users/keywh/Documents/GitHub/Studio2Dreamteam/Content/StarterContent/Audio/Explosion02.uasset" 164
"../../../../../../Users/keywh/Documents/GitHub/Studio2Dreamteam/Content/StarterContent/Audio/Fire01.uasset" 165
"../../../../../../Users/keywh/Documents/GitHub/Studio2Dreamteam/Content/StarterContent/Audio/Fire_Sparks01.uasset" 166
"../../../../../../Users/keywh/Documents/GitHub/Studio2Dreamteam/Content/StarterContent/Audio/Light01.uasset" 167
"../../../../../../Users/keywh/Documents/GitHub/Studio2Dreamteam/Content/StarterContent/Audio/Light01_Cue.uasset" 168
"../../../../../../Users/keywh/Documents/GitHub/Studio2Dreamteam/Content/StarterContent/Audio/Light02.uasset" 169
"../../../../../../Users/keywh/Documents/GitHub/Studio2Dreamteam/Content/StarterContent/Audio/Light02_Cue.uasset" 170
"../../../../../../Users/keywh/Documents/GitHub/Studio2Dreamteam/Content/StarterContent/Audio/Smoke01.uasset" 171
"../../../../../../Users/keywh/Documents/GitHub/Studio2Dreamteam/Content/StarterContent/Audio/Starter_Birds01.uasset" 172
"../../../../../../Users/keywh/Documents/GitHub/Studio2Dreamteam/Content/StarterContent/Audio/Starter_Music01.uasset" 173
"../../../../../../Users/keywh/Documents/GitHub/Studio2Dreamteam/Content/StarterContent/Audio/Starter_Wind05.uasset" 174
"../../../../../../Users/keywh/Documents/GitHub/Studio2Dreamteam/Content/StarterContent/Audio/Starter_Wind06.uasset" 175
"../../../../../../Users/keywh/Documents/GitHub/Studio2Dreamteam/Content/StarterContent/Audio/Steam01.uasset" 176
"../../../../../../Users/keywh/Documents/GitHub/Studio2Dreamteam/Content/StarterContent/Textures/T_Smoke_Tiled_D.uasset" 177
"../../../../../../Users/keywh/Documents/GitHub/Studio2Dreamteam/Content/StarterContent/Textures/T_Smoke_SubUV.uasset" 178
"../../../../../../Users/keywh/Documents/GitHub/Studio2Dreamteam/Content/StarterContent/Particles/Materials/M_smoke_subUV.uasset" 179
"../../../Engine/Content/Functions/Engine_MaterialFunctions01/Gradient/RadialGradient.uasset" 180
"../../../../../../Users/keywh/Documents/GitHub/Studio2Dreamteam/Content/StarterContent/Particles/Materials/M_radial_ramp.uasset" 181
"../../../../../../Users/keywh/Documents/GitHub/Studio2Dreamteam/Content/StarterContent/Particles/Materials/m_flare_01.uasset" 182
"../../../../../../Users/keywh/Documents/GitHub/Studio2Dreamteam/Content/StarterContent/Textures/T_Explosion_SubUV.uasset" 183
"../../../../../../Users/keywh/Documents/GitHub/Studio2Dreamteam/Content/StarterContent/Particles/Materials/M_explosion_subUV.uasset" 184
"../../../../../../Users/keywh/Documents/GitHub/Studio2Dreamteam/Content/StarterContent/Textures/T_Burst_M.uasset" 185
"../../../../../../Users/keywh/Documents/GitHub/Studio2Dreamteam/Content/StarterContent/Particles/Materials/M_Burst.uasset" 186
"../../../../../../Users/keywh/Documents/GitHub/Studio2Dreamteam/Content/StarterContent/Particles/P_Explosion.uasset" 187
"../../../../../../Users/keywh/Documents/GitHub/Studio2Dreamteam/Content/StarterContent/Audio/Explosion_Cue.uasset" 188
"../../../../../../Users/keywh/Documents/GitHub/Studio2Dreamteam/Content/StarterContent/Blueprints/Blueprint_Effect_Explosion.uasset" 189
"../../../Engine/Content/EditorMeshes/ColorCalibrator/T_ColorGrid.uasset" 190
"../../../../../../Users/keywh/Documents/GitHub/Studio2Dreamteam/Content/StarterContent/Materials/M_ColorGrid_LowSpec.uasset" 191
"../../../../../../Users/keywh/Documents/GitHub/Studio2Dreamteam/Content/StarterContent/Textures/T_Bush_N.uasset" 192
"../../../../../../Users/keywh/Documents/GitHub/Studio2Dreamteam/Content/StarterContent/Textures/T_Bush_D.uasset" 193
"../../../../../../Users/keywh/Documents/GitHub/Studio2Dreamteam/Content/StarterContent/Props/Materials/M_Bush.uasset" 194
"../../../../../../Users/keywh/Documents/GitHub/Studio2Dreamteam/Content/StarterContent/Props/SM_Bush.uasset" 195
"../../../../../../Users/keywh/Documents/GitHub/Studio2Dreamteam/Content/StarterContent/Textures/T_Chair_N.uasset" 196
"../../../../../../Users/keywh/Documents/GitHub/Studio2Dreamteam/Content/StarterContent/Textures/T_Chair_M.uasset" 197
"../../../../../../Users/keywh/Documents/GitHub/Studio2Dreamteam/Content/StarterContent/Props/Materials/M_Chair.uasset" 198
"../../../../../../Users/keywh/Documents/GitHub/Studio2Dreamteam/Content/StarterContent/Props/SM_Couch.uasset" 199
"../../../../../../Users/keywh/Documents/GitHub/Studio2Dreamteam/Content/StarterContent/Materials/M_Glass.uasset" 200
"../../../../../../Users/keywh/Documents/GitHub/Studio2Dreamteam/Content/StarterContent/Textures/T_Door_N.uasset" 201
"../../../../../../Users/keywh/Documents/GitHub/Studio2Dreamteam/Content/StarterContent/Textures/T_Door_M.uasset" 202
"../../../../../../Users/keywh/Documents/GitHub/Studio2Dreamteam/Content/StarterContent/Props/Materials/M_Door.uasset" 203
"../../../../../../Users/keywh/Documents/GitHub/Studio2Dreamteam/Content/StarterContent/Props/SM_Door.uasset" 204
"../../../../../../Users/keywh/Documents/GitHub/Studio2Dreamteam/Content/StarterContent/Props/Materials/M_MaterialSphere_Plain.uasset" 205
"../../../../../../Users/keywh/Documents/GitHub/Studio2Dreamteam/Content/StarterContent/Props/Materials/M_MaterialSphere.uasset" 206
"../../../../../../Users/keywh/Documents/GitHub/Studio2Dreamteam/Content/StarterContent/Props/SM_MatPreviewMesh_02.uasset" 207
"../../../../../../Users/keywh/Documents/GitHub/Studio2Dreamteam/Content/StarterContent/Textures/T_RockMesh_N.uasset" 208
"../../../../../../Users/keywh/Documents/GitHub/Studio2Dreamteam/Content/StarterContent/Textures/T_RockMesh_M.uasset" 209
"../../../../../../Users/keywh/Documents/GitHub/Studio2Dreamteam/Content/StarterContent/Textures/T_Detail_Rocky_N.uasset" 210
"../../../../../../Users/keywh/Documents/GitHub/Studio2Dreamteam/Content/StarterContent/Textures/T_Rock_Basalt_D.uasset" 211
"../../../Engine/Content/Functions/Engine_MaterialFunctions02/Utility/BlendAngleCorrectedNormals.uasset" 212
"../../../../../../Users/keywh/Documents/GitHub/Studio2Dreamteam/Content/StarterContent/Props/Materials/M_Rock.uasset" 213
"../../../../../../Users/keywh/Documents/GitHub/Studio2Dreamteam/Content/StarterContent/Props/SM_Rock.uasset" 214
"../../../../../../Users/keywh/Documents/GitHub/Studio2Dreamteam/Content/StarterContent/Textures/T_Shelf_N.uasset" 215
"../../../../../../Users/keywh/Documents/GitHub/Studio2Dreamteam/Content/StarterContent/Textures/T_Shelf_M.uasset" 216
"../../../../../../Users/keywh/Documents/GitHub/Studio2Dreamteam/Content/StarterContent/Props/Materials/M_Shelf.uasset" 217
"../../../../../../Users/keywh/Documents/GitHub/Studio2Dreamteam/Content/StarterContent/Props/SM_Shelf.uasset" 218
"../../../../../../Users/keywh/Documents/GitHub/Studio2Dreamteam/Content/StarterContent/Materials/M_Basic_Floor.uasset" 219
"../../../../../../Users/keywh/Documents/GitHub/Studio2Dreamteam/Content/StarterContent/Props/SM_Stairs.uasset" 220
"../../../../../../Users/keywh/Documents/GitHub/Studio2Dreamteam/Content/StarterContent/Shapes/Shape_Cone.uasset" 221
"../../../../../../Users/keywh/Documents/GitHub/Studio2Dreamteam/Content/StarterContent/Shapes/Shape_Cylinder.uasset" 222
"../../../../../../Users/keywh/Documents/GitHub/Studio2Dreamteam/Content/StarterContent/Shapes/Shape_NarrowCapsule.uasset" 223
"../../../../../../Users/keywh/Documents/GitHub/Studio2Dreamteam/Content/StarterContent/Shapes/Shape_Pipe.uasset" 224
"../../../../../../Users/keywh/Documents/GitHub/Studio2Dreamteam/Content/StarterContent/Shapes/Shape_Pipe_180.uasset" 225
"../../../../../../Users/keywh/Documents/GitHub/Studio2Dreamteam/Content/StarterContent/Shapes/Shape_Pipe_90.uasset" 226
"../../../../../../Users/keywh/Documents/GitHub/Studio2Dreamteam/Content/StarterContent/Shapes/Shape_Plane.uasset" 227
"../../../../../../Users/keywh/Documents/GitHub/Studio2Dreamteam/Content/StarterContent/Shapes/Shape_Torus.uasset" 228
"../../../../../../Users/keywh/Documents/GitHub/Studio2Dreamteam/Content/StarterContent/Shapes/Shape_Trim.uasset" 229
"../../../../../../Users/keywh/Documents/GitHub/Studio2Dreamteam/Content/StarterContent/Shapes/Shape_Trim_90_In.uasset" 230
"../../../../../../Users/keywh/Documents/GitHub/Studio2Dreamteam/Content/StarterContent/Shapes/Shape_Trim_90_Out.uasset" 231
"../../../../../../Users/keywh/Documents/GitHub/Studio2Dreamteam/Content/StarterContent/Shapes/Shape_TriPyramid.uasset" 232
"../../../../../../Users/keywh/Documents/GitHub/Studio2Dreamteam/Content/StarterContent/Shapes/Shape_Tube.uasset" 233
"../../../../../../Users/keywh/Documents/GitHub/Studio2Dreamteam/Content/StarterContent/Shapes/Shape_Wedge_A.uasset" 234
"../../../../../../Users/keywh/Documents/GitHub/Studio2Dreamteam/Content/StarterContent/Shapes/Shape_Wedge_B.uasset" 235
"../../../../../../Users/keywh/Documents/GitHub/Studio2Dreamteam/Content/StarterContent/Shapes/Shape_WideCapsule.uasset" 236
"../../../../../../Users/keywh/Documents/GitHub/Studio2Dreamteam/Content/NickFolder/PM3D_ZSphere_2.uasset" 237
"../../../../../../Users/keywh/Documents/GitHub/Studio2Dreamteam/Content/NickFolder/PM3D_Sphere3D1_1.uasset" 238
"../../../../../../Users/keywh/Documents/GitHub/Studio2Dreamteam/Content/NickFolder/PM3D_Cube3D2.uasset" 239
"../../../../../../Users/keywh/Documents/GitHub/Studio2Dreamteam/Content/NickFolder/Enemy/Basic_Enemy.uasset" 240
"../../../../../../Users/keywh/Documents/GitHub/Studio2Dreamteam/Content/TestFolderNick/Basic_Enemy.uasset" 241
"../../../../../../Users/keywh/Documents/GitHub/Studio2Dreamteam/Content/TestFolderNick/PM3D_Cube3D2.uasset" 242
"../../../../../../Users/keywh/Documents/GitHub/Studio2Dreamteam/Content/TestFolderNick/PM3D_Sphere3D1_1.uasset" 243
"../../../../../../Users/keywh/Documents/GitHub/Studio2Dreamteam/Content/TestFolderNick/PM3D_ZSphere_2.uasset" 244
"../../../Engine/Content/EngineMaterials/DefaultMaterial.uasset" 245
"../../../../../../Users/keywh/Documents/GitHub/Studio2Dreamteam/Content/NickFolder/Sphere.uasset" 246
"../../../../../../Users/keywh/Documents/GitHub/Studio2Dreamteam/Content/TestFolderNick/Sphere.uasset" 247
"../../../../../../Users/keywh/Documents/GitHub/Studio2Dreamteam/Content/VirtualReality/Mannequin/Character/Mesh/MannequinHand_Right_Skeleton.uasset" 248
"../../../../../../Users/keywh/Documents/GitHub/Studio2Dreamteam/Content/VirtualReality/Mannequin/Animations/MannequinHand_Right_CanGrab.uasset" 249
"../../../../../../Users/keywh/Documents/GitHub/Studio2Dreamteam/Content/NickFolder/Hand/ANIM_Hand_Grab_Anim.uasset" 250
"../../../../../../Users/keywh/Documents/GitHub/Studio2Dreamteam/Content/VirtualReality/Mannequin/Animations/MannequinHand_Right_Grab.uasset" 251
"../../../../../../Users/keywh/Documents/GitHub/Studio2Dreamteam/Content/VirtualReality/Mannequin/Animations/MannequinHand_Right_Open.uasset" 252
"../../../../../../Users/keywh/Documents/GitHub/Studio2Dreamteam/Content/VirtualReality/Mannequin/Animations/MannequinHand_Right_Grab1.uasset" 253
"../../../../../../Users/keywh/Documents/GitHub/Studio2Dreamteam/Content/VirtualReality/Mannequin/Animations/RightGrip_BS.uasset" 254
"../../../../../../Users/keywh/Documents/GitHub/Studio2Dreamteam/Content/VirtualRealityBP/Blueprints/GripEnum.uasset" 255
"../../../../../../Users/keywh/Documents/GitHub/Studio2Dreamteam/Content/VirtualRealityBP/Blueprints/PickupActorInterface.uasset" 256
"../../../../../../Users/keywh/Documents/GitHub/Studio2Dreamteam/Content/VirtualReality/Meshes/SM_FatCylinder.uasset" 257
"../../../../../../Users/keywh/Documents/GitHub/Studio2Dreamteam/Content/VirtualReality/Meshes/BeamMesh.uasset" 258
"../../../../../../Users/keywh/Documents/GitHub/Studio2Dreamteam/Content/VirtualReality/Meshes/BeaconDirection.uasset" 259
"../../../../../../Users/keywh/Documents/GitHub/Studio2Dreamteam/Content/VirtualReality/Meshes/1x1_cube.uasset" 260
"../../../Engine/Content/EngineMaterials/Good64x64TilingNoiseHighFreq.uasset" 261
"../../../../../../Users/keywh/Documents/GitHub/Studio2Dreamteam/Content/VirtualReality/Materials/TeleportMCP.uasset" 262
"../../../Engine/Content/Functions/Engine_MaterialFunctions02/Utility/CameraDirectionVector.uasset" 263
"../../../Engine/Content/Functions/Engine_MaterialFunctions02/Utility/BreakOutFloat2Components.uasset" 264
"../../../Engine/Content/Functions/Engine_MaterialFunctions02/ScreenResolution.uasset" 265
"../../../Engine/Content/Functions/Engine_MaterialFunctions01/Texturing/ScaleUVsByCenter.uasset" 266
"../../../Engine/Content/Functions/Engine_MaterialFunctions02/Texturing/ScreenAlignedUVs.uasset" 267
"../../../Engine/Content/Functions/Engine_MaterialFunctions02/Utility/DepthFromWorldPosition.uasset" 268
"../../../../../../Users/keywh/Documents/GitHub/Studio2Dreamteam/Content/VirtualReality/Materials/MF_OccludedPixels.uasset" 269
"../../../../../../Users/keywh/Documents/GitHub/Studio2Dreamteam/Content/VirtualReality/Materials/M_SplineArcMat.uasset" 270
"../../../../../../Users/keywh/Documents/GitHub/Studio2Dreamteam/Content/VirtualReality/Materials/M_ArcEndpoint.uasset" 271
"../../../Engine/Content/BasicShapes/Cylinder.uasset" 272
"../../../../../../Users/keywh/Documents/GitHub/Studio2Dreamteam/Content/VirtualReality/Materials/M_TeleportPreviews.uasset" 273
"../../../../../../Users/keywh/Documents/GitHub/Studio2Dreamteam/Content/VirtualReality/Materials/MI_TeleportCylinderPreview.uasset" 274
"../../../../../../Users/keywh/Documents/GitHub/Studio2Dreamteam/Content/VirtualReality/Materials/MI_ChaperoneOutline.uasset" 275
"../../../Engine/Content/EditorBlueprintResources/StandardMacros.uasset" 276
"../../../../../../Users/keywh/Documents/GitHub/Studio2Dreamteam/Content/KeysTestFolder/AlertState.uasset" 277
"../../../../../../Users/keywh/Documents/GitHub/Studio2Dreamteam/Content/HannahsFolder/SM/Foyer/SM_Potion.uasset" 278
"../../../../../../Users/keywh/Documents/GitHub/Studio2Dreamteam/Content/HannahsFolder/SM/Foyer/Foyer_ColorMap.uasset" 279
"../../../../../../Users/keywh/Documents/GitHub/Studio2Dreamteam/Content/HannahsFolder/SM/Foyer/Foyer_ColorMap_Mat.uasset" 280
"../../../../../../Users/keywh/Documents/GitHub/Studio2Dreamteam/Content/VirtualRealityBP/Blueprints/BP_PickupTreasure.uasset" 281
"../../../../../../Users/keywh/Documents/GitHub/Studio2Dreamteam/Content/VirtualRealityBP/Blueprints/BP_WristSlot.uasset" 282
"../../../Engine/Content/BasicShapes/Sphere.uasset" 283
"../../../../../../Users/keywh/Documents/GitHub/Studio2Dreamteam/Content/VirtualRealityBP/Blueprints/MotionControllerHaptics.uasset" 284
"../../../../../../Users/keywh/Documents/GitHub/Studio2Dreamteam/Content/NickFolder/Hand/SK_Hands_PhysicsAsset.uasset" 285
"../../../../../../Users/keywh/Documents/GitHub/Studio2Dreamteam/Content/NickFolder/Hand/SK_Hands.uasset" 286
"../../../../../../Users/keywh/Documents/GitHub/Studio2Dreamteam/Content/NickFolder/Hand/ANIM_Hand_Open_Anim.uasset" 287
"../../../../../../Users/keywh/Documents/GitHub/Studio2Dreamteam/Content/NickFolder/Hand/BS_RightGrip.uasset" 288
"../../../../../../Users/keywh/Documents/GitHub/Studio2Dreamteam/Content/NickFolder/Hand/ANIMBP_Hand.uasset" 289
"../../../../../../Users/keywh/Documents/GitHub/Studio2Dreamteam/Content/VirtualRealityBP/Blueprints/BP_MotionController.uasset" 290
"../../../../../../Users/keywh/Documents/GitHub/Studio2Dreamteam/Content/VirtualReality/Mannequin/Animations/RightHand_AnimBP.uasset" 291
"../../../../../../Users/keywh/Documents/GitHub/Studio2Dreamteam/Content/VirtualReality/Materials/M_BaseMaterial.uasset" 292
"../../../../../../Users/keywh/Documents/GitHub/Studio2Dreamteam/Content/VirtualReality/Materials/MI_SmallCubes.uasset" 293
"../../../../../../Users/keywh/Documents/GitHub/Studio2Dreamteam/Content/Geometry/Meshes/1M_Cube.uasset" 294
"../../../../../../Users/keywh/Documents/GitHub/Studio2Dreamteam/Content/VirtualRealityBP/Blueprints/BP_PickupNoiseCube.uasset" 295
"../../../../../../Users/keywh/Documents/GitHub/Studio2Dreamteam/Content/VirtualRealityBP/Blueprints/BP_PickupCube.uasset" 296
"../../../Engine/Content/ArtTools/RenderToTexture/Meshes/S_1_Unit_Plane.uasset" 297
"../../../Engine/Content/BasicShapes/Plane.uasset" 298
"../../../Engine/Content/EditorLandscapeResources/DataLayer.uasset" 299
"../../../Engine/Content/EditorLandscapeResources/DefaultAlphaTexture.uasset" 300
"../../../Engine/Content/EditorMaterials/MAT_Groups_Toggle.uasset" 301
"../../../Engine/Content/EditorMaterials/MAT_Groups_Visibility.uasset" 302
"../../../Engine/Content/EditorMaterials/PreviewShadowIndicator.uasset" 303
"../../../Engine/Content/EditorMaterials/PreviewShadowIndicatorMaterial.uasset" 304
"../../../Engine/Content/EditorMaterials/MatineeGroups/MAT_ColorTrack.uasset" 305
"../../../Engine/Content/EditorMaterials/MatineeGroups/MAT_Groups_Anim.uasset" 306
"../../../Engine/Content/EditorMaterials/MatineeGroups/MAT_Groups_AudioMaster.uasset" 307
"../../../Engine/Content/EditorMaterials/MatineeGroups/MAT_Groups_Director.uasset" 308
"../../../Engine/Content/EditorMaterials/MatineeGroups/MAT_Groups_Event.uasset" 309
"../../../Engine/Content/EditorMaterials/MatineeGroups/MAT_Groups_Fade.uasset" 310
"../../../Engine/Content/EditorMaterials/MatineeGroups/MAT_Groups_Float.uasset" 311
"../../../Engine/Content/EditorMaterials/MatineeGroups/MAT_Groups_Move.uasset" 312
"../../../Engine/Content/EditorMaterials/MatineeGroups/MAT_Groups_Slomo.uasset" 313
"../../../Engine/Content/EditorMaterials/MatineeGroups/MAT_Groups_Sound.uasset" 314
"../../../Engine/Content/EditorMaterials/MatineeGroups/MAT_Groups_Vector.uasset" 315
"../../../Engine/Content/EditorMaterials/ParticleSystems/PSysThumbnail_NoImage.uasset" 316
"../../../Engine/Content/EditorMaterials/ParticleSystems/PSysThumbnail_OOD.uasset" 317
"../../../Engine/Content/EditorMaterials/Camera/CineMat.uasset" 318
"../../../Engine/Content/EditorMaterials/Camera/MI_CineMat_Rig.uasset" 319
"../../../Engine/Content/EditorMeshes/Camera/SM_CraneRig_Arm.uasset" 320
"../../../Engine/Content/EditorMeshes/Camera/SM_CraneRig_Base.uasset" 321
"../../../Engine/Content/EditorMeshes/Camera/SM_CraneRig_Body.uasset" 322
"../../../Engine/Content/EditorMeshes/Camera/SM_CraneRig_Mount.uasset" 323
"../../../Engine/Content/EditorMeshes/Camera/SM_RailRig_Mount.uasset" 324
"../../../Engine/Content/EditorMeshes/Camera/SM_RailRig_Track.uasset" 325
"../../../Engine/Content/EditorResources/BSPVertex.uasset" 326
"../../../Engine/Content/EditorResources/EmptyActor.uasset" 327
"../../../Engine/Content/EditorResources/S_Actor.uasset" 328
"../../../Engine/Content/EditorResources/S_Note.uasset" 329
"../../../Engine/Content/EditorResources/S_Solver.uasset" 330
"../../../Engine/Content/EditorResources/S_Terrain.uasset" 331
"../../../Engine/Content/EditorResources/S_Trigger.uasset" 332
"../../../Engine/Content/EditorResources/AudioIcons/S_AudioComponent.uasset" 333
"../../../Engine/Content/EditorResources/AudioIcons/S_AudioComponent_AutoActivate.uasset" 334
"../../../Engine/Content/EditorResources/LightIcons/S_LightError.uasset" 335
"../../../Engine/Content/EditorResources/SequenceRecorder/Countdown.uasset" 336
"../../../Engine/Content/EditorResources/SequenceRecorder/RecordingIndicator.uasset" 337
"../../../Engine/Content/EngineDamageTypes/DmgTypeBP_Environmental.uasset" 338
"../../../Engine/Content/EngineDebugMaterials/DebugEditorMaterial.uasset" 339
"../../../Engine/Content/EngineDebugMaterials/DebugMeshMaterial.uasset" 340
"../../../Engine/Content/EngineDebugMaterials/M_SimpleUnlitTranslucent.uasset" 341
"../../../Engine/Content/EngineDebugMaterials/VolumeToRender.uasset" 342
"../../../Engine/Content/EngineDebugMaterials/M_VolumeRenderSphereTracePP.uasset" 343
"../../../Engine/Content/Functions/Engine_MaterialFunctions01/Shading/ConvertFromDiffSpec.uasset" 344
"../../../Engine/Content/EngineDebugMaterials/VertexColorMaterial.uasset" 345
"../../../Engine/Content/EngineDebugMaterials/WireframeMaterial.uasset" 346
"../../../Engine/Content/EngineFonts/Faces/RobotoRegular.uasset" 347
"../../../Engine/Content/EngineFonts/Faces/RobotoLight.uasset" 348
"../../../Engine/Content/EngineFonts/Faces/RobotoItalic.uasset" 349
"../../../Engine/Content/EngineFonts/Faces/RobotoBoldItalic.uasset" 350
"../../../Engine/Content/EngineFonts/Faces/RobotoBold.uasset" 351
"../../../Engine/Content/EngineFonts/Faces/DroidSansFallback.uasset" 352
"../../../Engine/Content/EngineFonts/Roboto.uasset" 353
"../../../Engine/Content/EngineMaterials/BaseFlattenNormalMap.uasset" 354
"../../../Engine/Content/EngineMaterials/BaseFlattenGrayscaleMap.uasset" 355
"../../../Engine/Content/EngineMaterials/BaseFlattenEmissiveMap.uasset" 356
"../../../Engine/Content/EngineMaterials/BaseFlattenDiffuseMap.uasset" 357
"../../../Engine/Content/EngineMaterials/BaseFlattenMaterial.uasset" 358
"../../../Engine/Content/EngineMaterials/BlueNoise.uasset" 359
"../../../Engine/Content/EngineMaterials/DefaultBloomKernel.uasset" 360
"../../../Engine/Content/EngineMaterials/DefaultBokeh.uasset" 361
"../../../Engine/Content/EngineMaterials/DefaultDiffuse.uasset" 362
"../../../Engine/Content/EngineMaterials/DefaultDeferredDecalMaterial.uasset" 363
"../../../Engine/Content/EngineMaterials/DefaultLightFunctionMaterial.uasset" 364
"../../../Engine/Content/EngineMaterials/DefaultPostProcessMaterial.uasset" 365
"../../../Engine/Content/EngineFonts/RobotoDistanceField.uasset" 366
"../../../Engine/Content/EngineMaterials/DefaultTextMaterialOpaque.uasset" 367
"../../../Engine/Content/EngineMaterials/DefaultWhiteGrid.uasset" 368
"../../../Engine/Content/EngineMaterials/DefaultWhiteGrid_Low.uasset" 369
"../../../Engine/Content/EngineMaterials/EmissiveMeshMaterial.uasset" 370
"../../../Engine/Content/EngineMaterials/GizmoMaterial.uasset" 371
"../../../Engine/Content/EngineMaterials/MiniFont.uasset" 372
"../../../Engine/Content/EngineMaterials/InvalidLightmapSettings.uasset" 373
"../../../Engine/Content/EngineMaterials/M_InvalidLightmapSettings.uasset" 374
"../../../Engine/Content/Functions/Engine_MaterialFunctions02/WorldPositionOffset/CameraOffset.uasset" 375
"../../../Engine/Content/EngineMaterials/PhAT_JointLimitMaterial.uasset" 376
"../../../Engine/Content/EngineMaterials/PreintegratedSkinBRDF.uasset" 377
"../../../Engine/Content/EngineMaterials/RemoveSurfaceMaterial.uasset" 378
"../../../Engine/Content/EngineMaterials/WeightMapPlaceholderTexture.uasset" 379
"../../../Engine/Content/EngineResources/WhiteSquareTexture.uasset" 380
"../../../Engine/Content/EngineMaterials/Widget3DPassThrough.uasset" 381
"../../../Engine/Content/EngineMaterials/Widget3DPassThrough_Masked.uasset" 382
"../../../Engine/Content/EngineMaterials/Widget3DPassThrough_Opaque.uasset" 383
"../../../Engine/Content/EngineMaterials/Widget3DPassThrough_Masked_OneSided.uasset" 384
"../../../Engine/Content/EngineMaterials/Widget3DPassThrough_Opaque_OneSided.uasset" 385
"../../../Engine/Content/EngineMaterials/Widget3DPassThrough_Translucent.uasset" 386
"../../../Engine/Content/EngineMaterials/Widget3DPassThrough_Translucent_OneSided.uasset" 387
"../../../Engine/Content/EngineMeshes/Cylinder.uasset" 388
"../../../Engine/Content/EngineMeshes/Sphere.uasset" 389
"../../../Engine/Content/EngineResources/Black.uasset" 390
"../../../Engine/Content/EngineResources/DefaultTextureCube.uasset" 391
"../../../Engine/Content/EngineResources/DefaultVolumeTexture2D.uasset" 392
"../../../Engine/Content/EngineResources/DefaultVolumeTexture.uasset" 393
"../../../Engine/Content/EngineResources/GradientTexture0.uasset" 394
"../../../Engine/Content/EngineSky/VolumetricClouds/T_NoiseShape64.uasset" 395
"../../../Engine/Content/EngineSky/VolumetricClouds/T_VolumeNoiseShape64.uasset" 396
"../../../Engine/Content/EngineSky/VolumetricClouds/T_NoiseErosion.uasset" 397
"../../../Engine/Content/EngineSky/VolumetricClouds/T_VolumeNoiseErosion32.uasset" 398
"../../../Engine/Content/EngineSky/VolumetricClouds/CloudWeatherTexture.uasset" 399
"../../../Engine/Content/EngineSky/VolumetricClouds/CloudGradientTexture.uasset" 400
"../../../Engine/Content/Functions/Engine_MaterialFunctions02/Utility/MakeFloat2.uasset" 401
"../../../Engine/Content/EngineSky/VolumetricClouds/m_SimpleVolumetricCloud.uasset" 402
"../../../Engine/Content/EngineSky/VolumetricClouds/m_SimpleVolumetricCloud_Inst.uasset" 403
"../../../Engine/Content/EngineSounds/Master.uasset" 404
"../../../Engine/Content/Functions/Engine_MaterialFunctions01/Shading/PowerToRoughness.uasset" 405
"../../../Engine/Content/Maps/Templates/Thumbnails/Default.uasset" 406
"../../../Engine/Content/Maps/Templates/Thumbnails/TimeOfDay.uasset" 407
"../../../Engine/Content/Maps/Templates/Thumbnails/VR-Basic.uasset" 408
"../../../Engine/Content/MobileResources/T_MobileControls_texture.uasset" 409
"../../../Engine/Content/MobileResources/T_MobileMenu2.uasset" 410
"../../../Engine/Content/MobileResources/HUD/AnalogHat.uasset" 411
"../../../Engine/Content/MobileResources/HUD/VirtualJoystick_Thumb.uasset" 412
"../../../Engine/Content/MobileResources/HUD/VirtualJoystick_Background.uasset" 413
"../../../Engine/Content/MobileResources/HUD/DefaultVirtualJoysticks.uasset" 414
"../../../Engine/Content/MobileResources/HUD/LeftVirtualJoystickOnly.uasset" 415
"../../../Engine/Content/MobileResources/HUD/MobileHUDButton1_off.uasset" 416
"../../../Engine/Content/MobileResources/HUD/MobileHUDButton1_on.uasset" 417
"../../../Engine/Content/MobileResources/HUD/MobileHUDButton2_off.uasset" 418
"../../../Engine/Content/MobileResources/HUD/MobileHUDButton2_on.uasset" 419
"../../../Engine/Content/MobileResources/HUD/MobileHUDButton3.uasset" 420
"../../../Engine/Content/MobileResources/HUD/MobileHUDButtonFire.uasset" 421
"../../../Engine/Content/MobileResources/HUD/MobileHUDDirectionPad.uasset" 422
"../../../Engine/Content/MobileResources/HUD/MobileHUDDirectionPad2.uasset" 423
"../../../Engine/Content/MobileResources/HUD/MobileHUDDirectionPad3.uasset" 424
"../../../Engine/Content/MobileResources/HUD/MobileHUDDirectionStick.uasset" 425
"../../../Engine/Content/MobileResources/HUD/T_Castle_ThumbstickInner.uasset" 426
"../../../Engine/Content/MobileResources/HUD/T_Castle_ThumbstickOutter.uasset" 427
"../../../Engine/Content/Tutorial/ContentIntroCurve.uasset" 428
"../../../Engine/Content/Tutorial/Basics/LevelEditorAttract.uasset" 429
"../../../Engine/Content/Tutorial/Basics/TutorialAssets/icon_tab_Levels_40x.uasset" 430
"../../../Engine/Content/Tutorial/Basics/LevelEditorOverview.uasset" 431
"../../../Engine/Content/Tutorial/BlueprintTutorials/TutorialAssets/Blueprint_64x.uasset" 432
"../../../Engine/Content/Tutorial/BlueprintTutorials/BlueprintEditorTutorial.uasset" 433
"../../../Engine/Content/Tutorial/Foliage/TutorialAssets/Foliage.uasset" 434
"../../../Engine/Content/Tutorial/Foliage/Foliage_Intro_Tutorial.uasset" 435
"../../../Engine/Content/Tutorial/Foliage/Foliage_Settings_Tutorial.uasset" 436
"../../../Engine/Content/Tutorial/Foliage/Foliage_Using_The_Tool_Tutorial.uasset" 437
"../../../Engine/Content/Tutorial/Installation/InstallingVisualStudioTutorial.uasset" 438
"../../../Engine/Content/VREditor/TransformGizmo/TranslucentTransformGizmoMaterial.uasset" 439
"../../../Engine/Content/VREditor/LaserPointer/VR_LaserPower_01.uasset" 440
"../../../Engine/Content/VREditor/TransformGizmo/TransformGizmoMaterial.uasset" 441
"../../../Engine/Content/VREditor/TransformGizmo/BoundingBoxCorner.uasset" 442
"../../../Engine/Content/VREditor/TransformGizmo/BoundingBoxEdge.uasset" 443
"../../../Engine/Content/VREditor/TransformGizmo/PlaneTranslationHandle.uasset" 444
"../../../Engine/Content/VREditor/TransformGizmo/Xray.uasset" 445
"../../../Engine/Content/VREditor/TransformGizmo/Main.uasset" 446
"../../../Engine/Content/VREditor/TransformGizmo/SM_Sequencer_Key.uasset" 447
"../../../Engine/Content/VREditor/TransformGizmo/SM_Sequencer_Node.uasset" 448
"../../Plugins/2D/Paper2D/Content/PlaceholderTextures/DummySpriteTexture.uasset" 449
"../../Plugins/2D/Paper2D/Content/DummySprite.uasset" 450
"../../Plugins/2D/Paper2D/Content/DefaultPaperTerrainMaterial.uasset" 451
"../../Plugins/2D/Paper2D/Content/DefaultSpriteMaterial.uasset" 452
"../../Plugins/2D/Paper2D/Content/MaskedUnlitSpriteMaterial.uasset" 453
"../../Plugins/2D/Paper2D/Content/OpaqueUnlitSpriteMaterial.uasset" 454
"../../../Engine/Content/Functions/Engine_MaterialFunctions02/ObjectLocalBounds.uasset" 455
"../../../Engine/Content/Functions/Engine_MaterialFunctions02/Utility/BreakOutFloat3Components.uasset" 456
"../../Plugins/Editor/SpeedTreeImporter/Content/SpeedTree9/UnpackInteger3.uasset" 457
"../../Plugins/Editor/SpeedTreeImporter/Content/SpeedTree9/UnpackDirection.uasset" 458
"../../Plugins/Editor/SpeedTreeImporter/Content/SpeedTree9/game_wind_noise.uasset" 459
"../../../Engine/Content/Functions/Engine_MaterialFunctions02/SafeNormalize.uasset" 460
"../../Plugins/Editor/SpeedTreeImporter/Content/SpeedTree9/SpeedTreeWindMotion.uasset" 461
"../../Plugins/Editor/SpeedTreeImporter/Content/SpeedTree9/SpeedTreeBranchMotion.uasset" 462
"../../../Engine/Content/Functions/Engine_MaterialFunctions02/UVs/BoundingBoxBased_0-1_UVW.uasset" 463
"../../Plugins/Editor/SpeedTreeImporter/Content/SpeedTree9/SpeedTreeWind.uasset" 464
"../../Plugins/Editor/SpeedTreeImporter/Content/SpeedTree9/SpeedTreeBillboard.uasset" 465
"../../../Engine/Content/EngineResources/DefaultTexture.uasset" 466
"../../Plugins/Editor/SpeedTreeImporter/Content/SpeedTree9/SpeedTreeBillboardMaster.uasset" 467
"../../Plugins/Editor/SpeedTreeImporter/Content/SpeedTree9/SpeedTreeCameraFacing.uasset" 468
"../../Plugins/Editor/SpeedTreeImporter/Content/SpeedTree9/SpeedTreeMaster.uasset" 469
"../../../Engine/Content/ArtTools/RenderToTexture/Materials/Debug/M_Emissive_Color.uasset" 470
"../../Plugins/Lumin/MagicLeapPassableWorld/Content/MagicLeapARPinInfoActor.uasset" 471
"../../../Engine/Content/Functions/Engine_MaterialFunctions02/Utility/BreakOutFloat4Components.uasset" 472
"../../../Engine/Content/Functions/Engine_MaterialFunctions02/Utility/MakeFloat3.uasset" 473
"../../Plugins/Runtime/Oculus/OculusVR/Content/Materials/OculusMR_ChromaKey.uasset" 474
"../../Plugins/Runtime/Oculus/OculusVR/Content/Materials/OculusMR_OpaqueColoredMaterial.uasset" 475
"../../Plugins/Runtime/Oculus/OculusVR/Content/Materials/PokeAHoleMaterial.uasset" 476
"../../../../../../Users/keywh/Documents/GitHub/Studio2Dreamteam/Content/StarterContent/Materials/M_AssetPlatform.uasset" 477
"../../../../../../Users/keywh/Documents/GitHub/Studio2Dreamteam/Content/StarterContent/Architecture/SM_AssetPlatform.uasset" 478
"../../../Engine/Content/EditorMeshes/ColorCalibrator/M_GreyBall.uasset" 479
"../../../Engine/Content/EditorMeshes/ColorCalibrator/Color_checker.uasset" 480
"../../../Engine/Content/EditorMeshes/ColorCalibrator/M_ColorGrid.uasset" 481
"../../../Engine/Content/EditorMeshes/ColorCalibrator/M_ClearCoatBlack.uasset" 482
"../../../Engine/Content/EditorMeshes/ColorCalibrator/M_ClearCoat.uasset" 483
"../../../Engine/Content/EditorMeshes/ColorCalibrator/M_ChromeBall.uasset" 484
"../../../Engine/Content/EditorMeshes/ColorCalibrator/SM_ColorCalibrator.uasset" 485
"../../../../../../Users/keywh/Documents/GitHub/Studio2Dreamteam/Content/StarterContent/Maps/Advanced_Lighting_BuiltData.uasset" 486
"../../../../../../Users/keywh/Documents/GitHub/Studio2Dreamteam/Content/StarterContent/HDRI/HDRI_Epic_Courtyard_Daylight.uasset" 487
"../../../Engine/Content/MapTemplates/Sky/DaylightAmbientCubemap.uasset" 488
"../../../../../../Users/keywh/Documents/GitHub/Studio2Dreamteam/Content/StarterContent/Blueprints/Assets/M_LightStage_Skybox_Master.uasset" 489
"../../../../../../Users/keywh/Documents/GitHub/Studio2Dreamteam/Content/StarterContent/Blueprints/Assets/M_LightStage_Skybox_HDRI.uasset" 490
"../../../../../../Users/keywh/Documents/GitHub/Studio2Dreamteam/Content/StarterContent/Blueprints/Assets/M_LightStage_Arrows.uasset" 491
"../../../../../../Users/keywh/Documents/GitHub/Studio2Dreamteam/Content/StarterContent/Blueprints/Assets/SM_Arrows.uasset" 492
"../../../Engine/Content/EditorMaterials/Thumbnails/SkySphereMaterial.uasset" 493
"../../../../../../Users/keywh/Documents/GitHub/Studio2Dreamteam/Content/StarterContent/Blueprints/Assets/Skybox.uasset" 494
"../../../../../../Users/keywh/Documents/GitHub/Studio2Dreamteam/Content/StarterContent/Blueprints/Assets/M_LightStage_Skybox_Black.uasset" 495
"../../../../../../Users/keywh/Documents/GitHub/Studio2Dreamteam/Content/StarterContent/Blueprints/Assets/SunlightColorLUT.uasset" 496
"../../../../../../Users/keywh/Documents/GitHub/Studio2Dreamteam/Content/StarterContent/Blueprints/Assets/FogBrightnessLUT.uasset" 497
"../../../../../../Users/keywh/Documents/GitHub/Studio2Dreamteam/Content/StarterContent/Blueprints/BP_LightStudio.uasset" 498
"../../../../../../Users/keywh/Documents/GitHub/Studio2Dreamteam/Content/StarterContent/Maps/Advanced_Lighting.umap" 499
"../../../../../../Users/keywh/Documents/GitHub/Studio2Dreamteam/Content/StarterContent/Textures/T_TableRound_N.uasset" 500
"../../../../../../Users/keywh/Documents/GitHub/Studio2Dreamteam/Content/StarterContent/Textures/T_TableRound_M.uasset" 501
"../../../../../../Users/keywh/Documents/GitHub/Studio2Dreamteam/Content/StarterContent/Props/Materials/M_TableRound.uasset" 502
"../../../../../../Users/keywh/Documents/GitHub/Studio2Dreamteam/Content/StarterContent/Props/SM_TableRound.uasset" 503
"../../../../../../Users/keywh/Documents/GitHub/Studio2Dreamteam/Content/StarterContent/Textures/T_Statue_N.uasset" 504
"../../../../../../Users/keywh/Documents/GitHub/Studio2Dreamteam/Content/StarterContent/Textures/T_Statue_M.uasset" 505
"../../../../../../Users/keywh/Documents/GitHub/Studio2Dreamteam/Content/StarterContent/Props/Materials/M_Statue.uasset" 506
"../../../../../../Users/keywh/Documents/GitHub/Studio2Dreamteam/Content/StarterContent/Props/Materials/M_StatueGlass.uasset" 507
"../../../../../../Users/keywh/Documents/GitHub/Studio2Dreamteam/Content/StarterContent/Props/SM_Statue.uasset" 508
"../../../../../../Users/keywh/Documents/GitHub/Studio2Dreamteam/Content/StarterContent/Props/SM_Chair.uasset" 509
"../../../../../../Users/keywh/Documents/GitHub/Studio2Dreamteam/Content/StarterContent/Architecture/Floor_400x400.uasset" 510
"../../../../../../Users/keywh/Documents/GitHub/Studio2Dreamteam/Content/StarterContent/Textures/T_MacroVariation.uasset" 511
"../../../../../../Users/keywh/Documents/GitHub/Studio2Dreamteam/Content/StarterContent/Textures/T_Metal_Copper_D.uasset" 512
"../../../../../../Users/keywh/Documents/GitHub/Studio2Dreamteam/Content/StarterContent/Textures/T_Metal_Gold_N.uasset" 513
"../../../../../../Users/keywh/Documents/GitHub/Studio2Dreamteam/Content/StarterContent/Materials/M_Metal_Copper.uasset" 514
"../../../../../../Users/keywh/Documents/GitHub/Studio2Dreamteam/Content/StarterContent/Textures/T_Metal_Aluminum_D.uasset" 515
"../../../../../../Users/keywh/Documents/GitHub/Studio2Dreamteam/Content/StarterContent/Materials/M_Metal_Burnished_Steel.uasset" 516
"../../../../../../Users/keywh/Documents/GitHub/Studio2Dreamteam/Content/StarterContent/Materials/M_Metal_Brushed_Nickel.uasset" 517
"../../../Engine/Content/EngineSky/T_Sky_Stars.uasset" 518
"../../../Engine/Content/EngineSky/T_Sky_Clouds_M.uasset" 519
"../../../Engine/Content/EngineSky/T_Sky_Blue.uasset" 520
"../../../Engine/Content/EngineSky/M_Sky_Panning_Clouds2.uasset" 521
"../../../../../../Users/keywh/Documents/GitHub/Studio2Dreamteam/Content/StarterContent/Maps/Minimal_Default_BuiltData.uasset" 522
"../../../Engine/Content/EngineSky/SM_SkySphere.uasset" 523
"../../../Engine/Content/EngineSky/C_Sky_Zenith_Color.uasset" 524
"../../../Engine/Content/EngineSky/C_Sky_Horizon_Color.uasset" 525
"../../../Engine/Content/EngineSky/C_Sky_Cloud_Color.uasset" 526
"../../../Engine/Content/EngineSky/BP_Sky_Sphere.uasset" 527
"../../../../../../Users/keywh/Documents/GitHub/Studio2Dreamteam/Content/StarterContent/Audio/Starter_Background_Cue.uasset" 528
"../../../../../../Users/keywh/Documents/GitHub/Studio2Dreamteam/Content/StarterContent/Maps/Minimal_Default.umap" 529
"../../../../../../Users/keywh/Documents/GitHub/Studio2Dreamteam/Content/StarterContent/Shapes/Shape_Sphere.uasset" 530
"../../../../../../Users/keywh/Documents/GitHub/Studio2Dreamteam/Content/StarterContent/Shapes/Shape_QuadPyramid.uasset" 531
"../../../../../../Users/keywh/Documents/GitHub/Studio2Dreamteam/Content/StarterContent/Shapes/Shape_Cube.uasset" 532
"../../../../../../Users/keywh/Documents/GitHub/Studio2Dreamteam/Content/StarterContent/Textures/T_Frame_N.uasset" 533
"../../../../../../Users/keywh/Documents/GitHub/Studio2Dreamteam/Content/StarterContent/Textures/T_Frame_M.uasset" 534
"../../../../../../Users/keywh/Documents/GitHub/Studio2Dreamteam/Content/StarterContent/Props/Materials/M_Frame.uasset" 535
"../../../../../../Users/keywh/Documents/GitHub/Studio2Dreamteam/Content/StarterContent/Props/SM_WindowFrame.uasset" 536
"../../../../../../Users/keywh/Documents/GitHub/Studio2Dreamteam/Content/StarterContent/Props/SM_PillarFrame300.uasset" 537
"../../../../../../Users/keywh/Documents/GitHub/Studio2Dreamteam/Content/StarterContent/Props/SM_PillarFrame.uasset" 538
"../../../../../../Users/keywh/Documents/GitHub/Studio2Dreamteam/Content/StarterContent/Props/SM_GlassWindow.uasset" 539
"../../../../../../Users/keywh/Documents/GitHub/Studio2Dreamteam/Content/StarterContent/Props/SM_DoorFrame.uasset" 540
"../../../../../../Users/keywh/Documents/GitHub/Studio2Dreamteam/Content/StarterContent/Props/SM_CornerFrame.uasset" 541
"../../../../../../Users/keywh/Documents/GitHub/Studio2Dreamteam/Content/StarterContent/Props/MaterialSphere.uasset" 542
"../../../../../../Users/keywh/Documents/GitHub/Studio2Dreamteam/Content/StarterContent/Textures/T_Dust_Particle_D.uasset" 543
"../../../../../../Users/keywh/Documents/GitHub/Studio2Dreamteam/Content/StarterContent/Particles/Materials/M_Dust_Particle.uasset" 544
"../../../../../../Users/keywh/Documents/GitHub/Studio2Dreamteam/Content/StarterContent/Particles/P_Ambient_Dust.uasset" 545
"../../../../../../Users/keywh/Documents/GitHub/Studio2Dreamteam/Content/StarterContent/Textures/T_Wood_Walnut_N.uasset" 546
"../../../../../../Users/keywh/Documents/GitHub/Studio2Dreamteam/Content/StarterContent/Textures/T_Wood_Walnut_D.uasset" 547
"../../../../../../Users/keywh/Documents/GitHub/Studio2Dreamteam/Content/StarterContent/Materials/M_Wood_Walnut.uasset" 548
"../../../../../../Users/keywh/Documents/GitHub/Studio2Dreamteam/Content/StarterContent/Textures/T_Perlin_Noise_M.uasset" 549
"../../../../../../Users/keywh/Documents/GitHub/Studio2Dreamteam/Content/StarterContent/Textures/T_Wood_Pine_N.uasset" 550
"../../../../../../Users/keywh/Documents/GitHub/Studio2Dreamteam/Content/StarterContent/Textures/T_Wood_Pine_D.uasset" 551
"../../../../../../Users/keywh/Documents/GitHub/Studio2Dreamteam/Content/StarterContent/Materials/M_Wood_Pine.uasset" 552
"../../../../../../Users/keywh/Documents/GitHub/Studio2Dreamteam/Content/StarterContent/Textures/T_Wood_Oak_N.uasset" 553
"../../../../../../Users/keywh/Documents/GitHub/Studio2Dreamteam/Content/StarterContent/Textures/T_Wood_Oak_D.uasset" 554
"../../../../../../Users/keywh/Documents/GitHub/Studio2Dreamteam/Content/StarterContent/Materials/M_Wood_Oak.uasset" 555
"../../../Engine/Content/Functions/Engine_MaterialFunctions01/Opacity/AlphaOffset.uasset" 556
"../../../../../../Users/keywh/Documents/GitHub/Studio2Dreamteam/Content/StarterContent/Textures/T_Wood_Floor_Walnut_N.uasset" 557
"../../../../../../Users/keywh/Documents/GitHub/Studio2Dreamteam/Content/StarterContent/Textures/T_Wood_Floor_Walnut_M.uasset" 558
"../../../../../../Users/keywh/Documents/GitHub/Studio2Dreamteam/Content/StarterContent/Textures/T_Wood_Floor_Walnut_D.uasset" 559
"../../../../../../Users/keywh/Documents/GitHub/Studio2Dreamteam/Content/StarterContent/Materials/M_Wood_Floor_Walnut_Worn.uasset" 560
"../../../../../../Users/keywh/Documents/GitHub/Studio2Dreamteam/Content/StarterContent/Materials/M_Wood_Floor_Walnut_Polished.uasset" 561
"../../../../../../Users/keywh/Documents/GitHub/Studio2Dreamteam/Content/StarterContent/Textures/T_Water_M.uasset" 562
"../../../../../../Users/keywh/Documents/GitHub/Studio2Dreamteam/Content/StarterContent/Textures/T_Water_N.uasset" 563
"../../../../../../Users/keywh/Documents/GitHub/Studio2Dreamteam/Content/StarterContent/Materials/M_Water_Ocean.uasset" 564
"../../../../../../Users/keywh/Documents/GitHub/Studio2Dreamteam/Content/StarterContent/Materials/M_Water_Lake.uasset" 565
"../../../../../../Users/keywh/Documents/GitHub/Studio2Dreamteam/Content/StarterContent/Textures/T_Tech_Panel_N.uasset" 566
"../../../../../../Users/keywh/Documents/GitHub/Studio2Dreamteam/Content/StarterContent/Textures/T_Tech_Panel_M.uasset" 567
"../../../../../../Users/keywh/Documents/GitHub/Studio2Dreamteam/Content/StarterContent/Textures/T_Metal_Steel_D.uasset" 568
"../../../../../../Users/keywh/Documents/GitHub/Studio2Dreamteam/Content/StarterContent/Materials/M_Tech_Panel.uasset" 569
"../../../../../../Users/keywh/Documents/GitHub/Studio2Dreamteam/Content/StarterContent/Textures/T_Tech_Hex_Tile_N.uasset" 570
"../../../../../../Users/keywh/Documents/GitHub/Studio2Dreamteam/Content/StarterContent/Textures/T_Tech_Hex_Tile_M.uasset" 571
"../../../../../../Users/keywh/Documents/GitHub/Studio2Dreamteam/Content/StarterContent/Materials/M_Tech_Hex_Tile_Pulse.uasset" 572
"../../../../../../Users/keywh/Documents/GitHub/Studio2Dreamteam/Content/StarterContent/Materials/M_Tech_Hex_Tile.uasset" 573
"../../../../../../Users/keywh/Documents/GitHub/Studio2Dreamteam/Content/StarterContent/Textures/T_Tech_Dot_N.uasset" 574
"../../../../../../Users/keywh/Documents/GitHub/Studio2Dreamteam/Content/StarterContent/Textures/T_Tech_Dot_M.uasset" 575
"../../../../../../Users/keywh/Documents/GitHub/Studio2Dreamteam/Content/StarterContent/Textures/T_Single_Tile_N.uasset" 576
"../../../../../../Users/keywh/Documents/GitHub/Studio2Dreamteam/Content/StarterContent/Textures/T_Checker_Noise_M.uasset" 577
"../../../../../../Users/keywh/Documents/GitHub/Studio2Dreamteam/Content/StarterContent/Materials/M_Tech_Checker_Dot.uasset" 578
"../../../../../../Users/keywh/Documents/GitHub/Studio2Dreamteam/Content/StarterContent/Textures/T_Rock_Slate_N.uasset" 579
"../../../../../../Users/keywh/Documents/GitHub/Studio2Dreamteam/Content/StarterContent/Textures/T_Rock_Slate_D.uasset" 580
"../../../../../../Users/keywh/Documents/GitHub/Studio2Dreamteam/Content/StarterContent/Materials/M_Rock_Slate.uasset" 581
"../../../../../../Users/keywh/Documents/GitHub/Studio2Dreamteam/Content/StarterContent/Textures/T_Rock_Sandstone_N.uasset" 582
"../../../../../../Users/keywh/Documents/GitHub/Studio2Dreamteam/Content/StarterContent/Textures/T_Rock_Sandstone_D.uasset" 583
"../../../../../../Users/keywh/Documents/GitHub/Studio2Dreamteam/Content/StarterContent/Materials/M_Rock_Sandstone.uasset" 584
"../../../../../../Users/keywh/Documents/GitHub/Studio2Dreamteam/Content/StarterContent/Textures/T_Rock_Marble_Polished_D.uasset" 585
"../../../../../../Users/keywh/Documents/GitHub/Studio2Dreamteam/Content/StarterContent/Materials/M_Rock_Marble_Polished.uasset" 586
"../../../../../../Users/keywh/Documents/GitHub/Studio2Dreamteam/Content/StarterContent/Textures/T_Rock_Basalt_N.uasset" 587
"../../../../../../Users/keywh/Documents/GitHub/Studio2Dreamteam/Content/StarterContent/Materials/M_Rock_Basalt.uasset" 588
"../../../../../../Users/keywh/Documents/GitHub/Studio2Dreamteam/Content/StarterContent/Textures/T_Metal_Steel_N.uasset" 589
"../../../../../../Users/keywh/Documents/GitHub/Studio2Dreamteam/Content/StarterContent/Materials/M_Metal_Steel.uasset" 590
"../../../../../../Users/keywh/Documents/GitHub/Studio2Dreamteam/Content/StarterContent/Textures/T_Metal_Rust_N.uasset" 591
"../../../../../../Users/keywh/Documents/GitHub/Studio2Dreamteam/Content/StarterContent/Textures/T_Metal_Rust_D.uasset" 592
"../../../../../../Users/keywh/Documents/GitHub/Studio2Dreamteam/Content/StarterContent/Materials/M_Metal_Rust.uasset" 593
"../../../../../../Users/keywh/Documents/GitHub/Studio2Dreamteam/Content/StarterContent/Textures/T_Metal_Gold_D.uasset" 594
"../../../../../../Users/keywh/Documents/GitHub/Studio2Dreamteam/Content/StarterContent/Materials/M_Metal_Gold.uasset" 595
"../../../../../../Users/keywh/Documents/GitHub/Studio2Dreamteam/Content/StarterContent/Materials/M_Metal_Chrome.uasset" 596
"../../../../../../Users/keywh/Documents/GitHub/Studio2Dreamteam/Content/StarterContent/Textures/T_Ground_Moss_N.uasset" 597
"../../../../../../Users/keywh/Documents/GitHub/Studio2Dreamteam/Content/StarterContent/Textures/T_ground_Moss_D.uasset" 598
"../../../../../../Users/keywh/Documents/GitHub/Studio2Dreamteam/Content/StarterContent/Materials/M_Ground_Moss.uasset" 599
"../../../../../../Users/keywh/Documents/GitHub/Studio2Dreamteam/Content/StarterContent/Textures/T_Ground_Gravel_N.uasset" 600
"../../../../../../Users/keywh/Documents/GitHub/Studio2Dreamteam/Content/StarterContent/Textures/T_Ground_Gravel_D.uasset" 601
"../../../../../../Users/keywh/Documents/GitHub/Studio2Dreamteam/Content/StarterContent/Materials/M_Ground_Gravel.uasset" 602
"../../../../../../Users/keywh/Documents/GitHub/Studio2Dreamteam/Content/StarterContent/Textures/T_Ground_Grass_N.uasset" 603
"../../../../../../Users/keywh/Documents/GitHub/Studio2Dreamteam/Content/StarterContent/Textures/T_Ground_Grass_D.uasset" 604
"../../../../../../Users/keywh/Documents/GitHub/Studio2Dreamteam/Content/StarterContent/Materials/M_Ground_Grass.uasset" 605
"../../../../../../Users/keywh/Documents/GitHub/Studio2Dreamteam/Content/StarterContent/Textures/T_Concrete_Tiles_Variation_M.uasset" 606
"../../../../../../Users/keywh/Documents/GitHub/Studio2Dreamteam/Content/StarterContent/Textures/T_Concrete_Tiles_N.uasset" 607
"../../../../../../Users/keywh/Documents/GitHub/Studio2Dreamteam/Content/StarterContent/Textures/T_Concrete_Tiles_M.uasset" 608
"../../../../../../Users/keywh/Documents/GitHub/Studio2Dreamteam/Content/StarterContent/Textures/T_Concrete_Tiles_D.uasset" 609
"../../../../../../Users/keywh/Documents/GitHub/Studio2Dreamteam/Content/StarterContent/Materials/M_Concrete_Tiles.uasset" 610
"../../../../../../Users/keywh/Documents/GitHub/Studio2Dreamteam/Content/StarterContent/Audio/Collapse_Cue.uasset" 611
"../../../../../../Users/keywh/Documents/GitHub/Studio2Dreamteam/Content/StarterContent/Architecture/Wall_Window_400x300.uasset" 612
"../../../../../../Users/keywh/Documents/GitHub/Studio2Dreamteam/Content/StarterContent/Architecture/Wall_Door_400x300.uasset" 613
"../../../../../../Users/keywh/Documents/GitHub/Studio2Dreamteam/Content/StarterContent/Architecture/Wall_400x200.uasset" 614
"../../../../../../Users/keywh/Documents/GitHub/Studio2Dreamteam/Content/StarterContent/Textures/T_Concrete_Panels_N.uasset" 615
"../../../../../../Users/keywh/Documents/GitHub/Studio2Dreamteam/Content/StarterContent/Textures/T_Concrete_Panels_D.uasset" 616
"../../../../../../Users/keywh/Documents/GitHub/Studio2Dreamteam/Content/StarterContent/Materials/M_Concrete_Panels.uasset" 617
"../../../../../../Users/keywh/Documents/GitHub/Studio2Dreamteam/Content/StarterContent/Textures/T_Concrete_Grime_D.uasset" 618
"../../../../../../Users/keywh/Documents/GitHub/Studio2Dreamteam/Content/StarterContent/Materials/M_Concrete_Grime.uasset" 619
"../../../../../../Users/keywh/Documents/GitHub/Studio2Dreamteam/Content/StarterContent/Textures/T_CobbleStone_Smooth_N.uasset" 620
"../../../../../../Users/keywh/Documents/GitHub/Studio2Dreamteam/Content/StarterContent/Textures/T_CobbleStone_Smooth_M.uasset" 621
"../../../../../../Users/keywh/Documents/GitHub/Studio2Dreamteam/Content/StarterContent/Textures/T_CobbleStone_Smooth_D.uasset" 622
"../../../../../../Users/keywh/Documents/GitHub/Studio2Dreamteam/Content/StarterContent/Textures/T_Rock_Smooth_Granite_D.uasset" 623
"../../../../../../Users/keywh/Documents/GitHub/Studio2Dreamteam/Content/StarterContent/Textures/T_Gradinet_01.uasset" 624
"../../../../../../Users/keywh/Documents/GitHub/Studio2Dreamteam/Content/StarterContent/Materials/M_CobbleStone_Smooth.uasset" 625
"../../../../../../Users/keywh/Documents/GitHub/Studio2Dreamteam/Content/StarterContent/Textures/T_CobbleStone_Rough_N.uasset" 626
"../../../../../../Users/keywh/Documents/GitHub/Studio2Dreamteam/Content/StarterContent/Textures/T_CobbleStone_Rough_D.uasset" 627
"../../../../../../Users/keywh/Documents/GitHub/Studio2Dreamteam/Content/StarterContent/Materials/M_CobbleStone_Rough.uasset" 628
"../../../../../../Users/keywh/Documents/GitHub/Studio2Dreamteam/Content/StarterContent/Textures/T_CobbleStone_Pebble_N.uasset" 629
"../../../../../../Users/keywh/Documents/GitHub/Studio2Dreamteam/Content/StarterContent/Textures/T_CobbleStone_Pebble_M.uasset" 630
"../../../../../../Users/keywh/Documents/GitHub/Studio2Dreamteam/Content/StarterContent/Textures/T_CobbleStone_Pebble_D.uasset" 631
"../../../../../../Users/keywh/Documents/GitHub/Studio2Dreamteam/Content/StarterContent/Materials/M_CobbleStone_Pebble.uasset" 632
"../../../../../../Users/keywh/Documents/GitHub/Studio2Dreamteam/Content/StarterContent/Textures/T_Ceramic_Tile_N.uasset" 633
"../../../../../../Users/keywh/Documents/GitHub/Studio2Dreamteam/Content/StarterContent/Textures/T_Ceramic_Tile_M.uasset" 634
"../../../../../../Users/keywh/Documents/GitHub/Studio2Dreamteam/Content/StarterContent/Materials/M_Ceramic_Tile_Checker.uasset" 635
"../../../../../../Users/keywh/Documents/GitHub/Studio2Dreamteam/Content/StarterContent/Textures/T_Brick_Hewn_Stone_N.uasset" 636
"../../../../../../Users/keywh/Documents/GitHub/Studio2Dreamteam/Content/StarterContent/Textures/T_Brick_Hewn_Stone_M.uasset" 637
"../../../../../../Users/keywh/Documents/GitHub/Studio2Dreamteam/Content/StarterContent/Textures/T_Brick_Hewn_Stone_D.uasset" 638
"../../../../../../Users/keywh/Documents/GitHub/Studio2Dreamteam/Content/StarterContent/Materials/M_Brick_Hewn_Stone.uasset" 639
"../../../../../../Users/keywh/Documents/GitHub/Studio2Dreamteam/Content/StarterContent/Textures/T_Brick_Cut_Stone_N.uasset" 640
"../../../../../../Users/keywh/Documents/GitHub/Studio2Dreamteam/Content/StarterContent/Textures/T_Brick_Cut_Stone_D.uasset" 641
"../../../../../../Users/keywh/Documents/GitHub/Studio2Dreamteam/Content/StarterContent/Materials/M_Brick_Cut_Stone.uasset" 642
"../../../../../../Users/keywh/Documents/GitHub/Studio2Dreamteam/Content/StarterContent/Textures/T_Brick_Clay_Old_N.uasset" 643
"../../../../../../Users/keywh/Documents/GitHub/Studio2Dreamteam/Content/StarterContent/Textures/T_Brick_Clay_Old_D.uasset" 644
"../../../../../../Users/keywh/Documents/GitHub/Studio2Dreamteam/Content/StarterContent/Materials/M_Brick_Clay_Old.uasset" 645
"../../../../../../Users/keywh/Documents/GitHub/Studio2Dreamteam/Content/StarterContent/Textures/T_Brick_Clay_New_N.uasset" 646
"../../../../../../Users/keywh/Documents/GitHub/Studio2Dreamteam/Content/StarterContent/Textures/T_Brick_Clay_New_M.uasset" 647
"../../../../../../Users/keywh/Documents/GitHub/Studio2Dreamteam/Content/StarterContent/Textures/T_Brick_Clay_New_D.uasset" 648
"../../../../../../Users/keywh/Documents/GitHub/Studio2Dreamteam/Content/StarterContent/Materials/M_Brick_Clay_New.uasset" 649
"../../../../../../Users/keywh/Documents/GitHub/Studio2Dreamteam/Content/StarterContent/Textures/T_Brick_Clay_Beveled_N.uasset" 650
"../../../../../../Users/keywh/Documents/GitHub/Studio2Dreamteam/Content/StarterContent/Textures/T_Brick_Clay_Beveled_M.uasset" 651
"../../../../../../Users/keywh/Documents/GitHub/Studio2Dreamteam/Content/StarterContent/Textures/T_Brick_Clay_Beveled_D.uasset" 652
"../../../../../../Users/keywh/Documents/GitHub/Studio2Dreamteam/Content/StarterContent/Materials/M_Brick_Clay_Beveled.uasset" 653
"../../../Engine/Content/Functions/Engine_MaterialFunctions03/Procedurals/ComputeFilterWidth.uasset" 654
"../../../Engine/Content/EngineMaterials/AntiAliasedTextMaterialTranslucent.uasset" 655
"../../../../../../Users/keywh/Documents/GitHub/Studio2Dreamteam/Content/StarterContent/Maps/StarterMap_BuiltData.uasset" 656
"../../../../../../Users/keywh/Documents/GitHub/Studio2Dreamteam/Content/StarterContent/Textures/T_Concrete_Poured_N.uasset" 657
"../../../../../../Users/keywh/Documents/GitHub/Studio2Dreamteam/Content/StarterContent/Textures/T_Concrete_Poured_D.uasset" 658
"../../../../../../Users/keywh/Documents/GitHub/Studio2Dreamteam/Content/StarterContent/Materials/M_Concrete_Poured.uasset" 659
"../../../../../../Users/keywh/Documents/GitHub/Studio2Dreamteam/Content/StarterContent/Textures/T_Lamp_N.uasset" 660
"../../../../../../Users/keywh/Documents/GitHub/Studio2Dreamteam/Content/StarterContent/Textures/T_Lamp_M.uasset" 661
"../../../../../../Users/keywh/Documents/GitHub/Studio2Dreamteam/Content/StarterContent/Props/Materials/M_Lamp.uasset" 662
"../../../../../../Users/keywh/Documents/GitHub/Studio2Dreamteam/Content/StarterContent/Props/SM_Lamp_Wall.uasset" 663
"../../../../../../Users/keywh/Documents/GitHub/Studio2Dreamteam/Content/StarterContent/Blueprints/Blueprint_WallSconce.uasset" 664
"../../../../../../Users/keywh/Documents/GitHub/Studio2Dreamteam/Content/StarterContent/Particles/P_Steam_Lit.uasset" 665
"../../../../../../Users/keywh/Documents/GitHub/Studio2Dreamteam/Content/StarterContent/Audio/Steam01_Cue.uasset" 666
"../../../../../../Users/keywh/Documents/GitHub/Studio2Dreamteam/Content/StarterContent/Blueprints/Blueprint_Effect_Steam.uasset" 667
"../../../../../../Users/keywh/Documents/GitHub/Studio2Dreamteam/Content/StarterContent/Textures/T_Spark_Core.uasset" 668
"../../../../../../Users/keywh/Documents/GitHub/Studio2Dreamteam/Content/StarterContent/Particles/Materials/M_Spark.uasset" 669
"../../../../../../Users/keywh/Documents/GitHub/Studio2Dreamteam/Content/StarterContent/Particles/Materials/M_Radial_Gradient.uasset" 670
"../../../../../../Users/keywh/Documents/GitHub/Studio2Dreamteam/Content/StarterContent/Particles/P_Sparks.uasset" 671
"../../../../../../Users/keywh/Documents/GitHub/Studio2Dreamteam/Content/StarterContent/Audio/Fire_Sparks01_Cue.uasset" 672
"../../../../../../Users/keywh/Documents/GitHub/Studio2Dreamteam/Content/StarterContent/Blueprints/Blueprint_Effect_Sparks.uasset" 673
"../../../../../../Users/keywh/Documents/GitHub/Studio2Dreamteam/Content/StarterContent/Particles/P_Smoke.uasset" 674
"../../../../../../Users/keywh/Documents/GitHub/Studio2Dreamteam/Content/StarterContent/Audio/Smoke01_Cue.uasset" 675
"../../../../../../Users/keywh/Documents/GitHub/Studio2Dreamteam/Content/StarterContent/Blueprints/Blueprint_Effect_Smoke.uasset" 676
"../../../../../../Users/keywh/Documents/GitHub/Studio2Dreamteam/Content/StarterContent/Particles/Materials/M_Heat_Distortion.uasset" 677
"../../../../../../Users/keywh/Documents/GitHub/Studio2Dreamteam/Content/StarterContent/Textures/T_Fire_Tiled_D.uasset" 678
"../../../../../../Users/keywh/Documents/GitHub/Studio2Dreamteam/Content/StarterContent/Textures/T_Fire_SubUV.uasset" 679
"../../../../../../Users/keywh/Documents/GitHub/Studio2Dreamteam/Content/StarterContent/Particles/Materials/M_Fire_SubUV.uasset" 680
"../../../../../../Users/keywh/Documents/GitHub/Studio2Dreamteam/Content/StarterContent/Particles/P_Fire.uasset" 681
"../../../../../../Users/keywh/Documents/GitHub/Studio2Dreamteam/Content/StarterContent/Audio/Fire01_Cue.uasset" 682
"../../../../../../Users/keywh/Documents/GitHub/Studio2Dreamteam/Content/StarterContent/Blueprints/Blueprint_Effect_Fire.uasset" 683
"../../../../../../Users/keywh/Documents/GitHub/Studio2Dreamteam/Content/StarterContent/Props/SM_Lamp_Ceiling.uasset" 684
"../../../../../../Users/keywh/Documents/GitHub/Studio2Dreamteam/Content/StarterContent/Blueprints/Blueprint_CeilingLight.uasset" 685
"../../../../../../Users/keywh/Documents/GitHub/Studio2Dreamteam/Content/StarterContent/Audio/Starter_Music_Cue.uasset" 686
"../../../../../../Users/keywh/Documents/GitHub/Studio2Dreamteam/Content/StarterContent/Maps/StarterMap.umap" 687
"../../../../../../Users/keywh/Documents/GitHub/Studio2Dreamteam/Content/VirtualReality/Materials/MI_BaseMaterial3.uasset" 688
"../../../../../../Users/keywh/Documents/GitHub/Studio2Dreamteam/Content/VirtualReality/Materials/MI_BaseMaterial2.uasset" 689
"../../../../../../Users/keywh/Documents/GitHub/Studio2Dreamteam/Content/VirtualRealityBP/Maps/HMDLocomotionMap_BuiltData.uasset" 690
"../../../../../../Users/keywh/Documents/GitHub/Studio2Dreamteam/Content/VirtualRealityBP/Blueprints/HMDLocomotionPawn.uasset" 691
"../../../../../../Users/keywh/Documents/GitHub/Studio2Dreamteam/Content/VirtualRealityBP/Maps/HMDLocomotionMap.umap" 692
"../../../../../../Users/keywh/Documents/GitHub/Studio2Dreamteam/Content/VirtualReality/Materials/GenericHMDMaterial.uasset" 693
"../../../../../../Users/keywh/Documents/GitHub/Studio2Dreamteam/Content/VirtualReality/Meshes/GenericHMD.uasset" 694
"../../../../../../Users/keywh/Documents/GitHub/Studio2Dreamteam/Content/VirtualReality/Mannequin/Character/Mesh/MannequinHand_Right_PhysicsAsset.uasset" 695
"../../../../../../Users/keywh/Documents/GitHub/Studio2Dreamteam/Content/VirtualReality/Mannequin/Character/Textures/UE4_Mannequin_MAT_MASKA.uasset" 696
"../../../../../../Users/keywh/Documents/GitHub/Studio2Dreamteam/Content/VirtualReality/Mannequin/Character/Textures/UE4_Mannequin__normals.uasset" 697
"../../../../../../Users/keywh/Documents/GitHub/Studio2Dreamteam/Content/VirtualReality/Mannequin/Character/Materials/M_HandMat.uasset" 698
"../../../../../../Users/keywh/Documents/GitHub/Studio2Dreamteam/Content/VirtualReality/Mannequin/Character/Mesh/MannequinHand_Right.uasset" 699
"../../../Engine/Content/BasicShapes/Cube.uasset" 700
"../../../Engine/Content/BasicShapes/Cone.uasset" 701
"../../../../../../Users/keywh/Documents/GitHub/Studio2Dreamteam/Content/VirtualRealityBP/Maps/StartupMap_BuiltData.uasset" 702
"../../../../../../Users/keywh/Documents/GitHub/Studio2Dreamteam/Content/JaVaughnTestFolder/JaVaughnMaterial.uasset" 703
"../../../../../../Users/keywh/Documents/GitHub/Studio2Dreamteam/Content/Geometry/Meshes/BogosBinted.uasset" 704
"../../../../../../Users/keywh/Documents/GitHub/Studio2Dreamteam/Content/VirtualRealityBP/Maps/StartupMap.umap" 705
"../../../Engine/Content/BasicShapes/BasicShapeMaterial.uasset" 706
"../../../../../../Users/keywh/Documents/GitHub/Studio2Dreamteam/Content/VirtualRealityBP/Maps/MainLevelMap_BuiltData.uasset" 707
"../../../Engine/Content/EngineMaterials/DefaultPhysicalMaterial.uasset" 708
"../../../../../../Users/keywh/Documents/GitHub/Studio2Dreamteam/Content/VirtualRealityBP/Blueprints/flashlight_texture.uasset" 709
"../../../../../../Users/keywh/Documents/GitHub/Studio2Dreamteam/Content/VirtualRealityBP/Blueprints/Flashlight_Mat.uasset" 710
"../../../../../../Users/keywh/Documents/GitHub/Studio2Dreamteam/Content/Lentz_stuffs/lentz_flashlight.uasset" 711
"../../../../../../Users/keywh/Documents/GitHub/Studio2Dreamteam/Content/VirtualRealityBP/Blueprints/BP_Flashlight.uasset" 712
"../../../../../../Users/keywh/Documents/GitHub/Studio2Dreamteam/Content/KeysTestFolder/ScreenFadeInterface.uasset" 713
"../../../../../../Users/keywh/Documents/GitHub/Studio2Dreamteam/Content/VirtualRealityBP/Blueprints/MotionControllerPawn.uasset" 714
"../../../../../../Users/keywh/Documents/GitHub/Studio2Dreamteam/Content/VirtualRealityBP/Blueprints/lambert1.uasset" 715
"../../../../../../Users/keywh/Documents/GitHub/Studio2Dreamteam/Content/VirtualRealityBP/Blueprints/Bookcase.uasset" 716
"../../../../../../Users/keywh/Documents/GitHub/Studio2Dreamteam/Content/Lentz_stuffs/lentz_long_table.uasset" 717
"../../../../../../Users/keywh/Documents/GitHub/Studio2Dreamteam/Content/KeysTestFolder/EBase.uasset" 718
"../../../../../../Users/keywh/Documents/GitHub/Studio2Dreamteam/Content/KeysTestFolder/ERed.uasset" 719
"../../../../../../Users/keywh/Documents/GitHub/Studio2Dreamteam/Content/VirtualRealityBP/Blueprints/LevelNamesEnum.uasset" 720
"../../../../../../Users/keywh/Documents/GitHub/Studio2Dreamteam/Content/KeysTestFolder/IAlert.uasset" 721
"../../../../../../Users/keywh/Documents/GitHub/Studio2Dreamteam/Content/KeysTestFolder/QueryPatrolLocation.uasset" 722
"../../../../../../Users/keywh/Documents/GitHub/Studio2Dreamteam/Content/KeysTestFolder/QueryHiddenLocation.uasset" 723
"../../../../../../Users/keywh/Documents/GitHub/Studio2Dreamteam/Content/KeysTestFolder/TaskClearValues.uasset" 724
"../../../../../../Users/keywh/Documents/GitHub/Studio2Dreamteam/Content/KeysTestFolder/TaskChangeAlertState.uasset" 725
"../../../../../../Users/keywh/Documents/GitHub/Studio2Dreamteam/Content/KeysTestFolder/EnemyBlackboard.uasset" 726
"../../../../../../Users/keywh/Documents/GitHub/Studio2Dreamteam/Content/KeysTestFolder/EnemyBT.uasset" 727
"../../../../../../Users/keywh/Documents/GitHub/Studio2Dreamteam/Content/KeysTestFolder/EnemyController.uasset" 728
"../../../../../../Users/keywh/Documents/GitHub/Studio2Dreamteam/Content/KeysTestFolder/EnemyBase.uasset" 729
"../../../../../../Users/keywh/Documents/GitHub/Studio2Dreamteam/Content/KeysTestFolder/EGreen.uasset" 730
"../../../../../../Users/keywh/Documents/GitHub/Studio2Dreamteam/Content/KeysTestFolder/EBlue.uasset" 731
"../../../../../../Users/keywh/Documents/GitHub/Studio2Dreamteam/Content/KeysTestFolder/cross.uasset" 732
"../../../../../../Users/keywh/Documents/GitHub/Studio2Dreamteam/Content/VirtualRealityBP/Blueprints/BP_PendantCube.uasset" 733
"../../../../../../Users/keywh/Documents/GitHub/Studio2Dreamteam/Content/Foyer_Assets/Noah/Props/WallDoorFrame.uasset" 734
"../../../../../../Users/keywh/Documents/GitHub/Studio2Dreamteam/Content/Foyer_Assets/Noah/Props/WallBottomSmall.uasset" 735
"../../../../../../Users/keywh/Documents/GitHub/Studio2Dreamteam/Content/Foyer_Assets/Noah/Props/WallBottomMed.uasset" 736
"../../../../../../Users/keywh/Documents/GitHub/Studio2Dreamteam/Content/Foyer_Assets/Noah/Props/WallBottomLarge.uasset" 737
"../../../../../../Users/keywh/Documents/GitHub/Studio2Dreamteam/Content/Foyer_Assets/Noah/Props/WallBottomDF2.uasset" 738
"../../../../../../Users/keywh/Documents/GitHub/Studio2Dreamteam/Content/Foyer_Assets/Noah/Props/WallBottomDF1.uasset" 739
"../../../../../../Users/keywh/Documents/GitHub/Studio2Dreamteam/Content/Foyer_Assets/Noah/Props/Stairs.uasset" 740
"../../../../../../Users/keywh/Documents/GitHub/Studio2Dreamteam/Content/Foyer_Assets/Noah/Props/PillarShortSide.uasset" 741
"../../../../../../Users/keywh/Documents/GitHub/Studio2Dreamteam/Content/Foyer_Assets/Noah/Props/PillarShortCorner.uasset" 742
"../../../../../../Users/keywh/Documents/GitHub/Studio2Dreamteam/Content/Foyer_Assets/Noah/Props/Floor.uasset" 743
"../../../../../../Users/keywh/Documents/GitHub/Studio2Dreamteam/Content/Foyer_Assets/Noah/Props/DoorFrame.uasset" 744
"../../../../../../Users/keywh/Documents/GitHub/Studio2Dreamteam/Content/Noah_ModularPieces/WallBase_Mat.uasset" 745
"../../../../../../Users/keywh/Documents/GitHub/Studio2Dreamteam/Content/Noah_ModularPieces/WallBase_0_5x1.uasset" 746
"../../../../../../Users/keywh/Documents/GitHub/Studio2Dreamteam/Content/Noah_ModularPieces/Vase.uasset" 747
"../../../../../../Users/keywh/Documents/GitHub/Studio2Dreamteam/Content/Noah_ModularPieces/Floor_Mat.uasset" 748
"../../../../../../Users/keywh/Documents/GitHub/Studio2Dreamteam/Content/Noah_ModularPieces/Floor_512.uasset" 749
"../../../../../../Users/keywh/Documents/GitHub/Studio2Dreamteam/Content/Lentz_stuffs/group_objects/lentz_smalltable.uasset" 750
"../../../../../../Users/keywh/Documents/GitHub/Studio2Dreamteam/Content/Lentz_stuffs/group_objects/lentz_pointer.uasset" 751
"../../../../../../Users/keywh/Documents/GitHub/Studio2Dreamteam/Content/Lentz_stuffs/group_objects/lentz_plantpot.uasset" 752
"../../../../../../Users/keywh/Documents/GitHub/Studio2Dreamteam/Content/Lentz_stuffs/group_objects/lentz_openbook.uasset" 753
"../../../../../../Users/keywh/Documents/GitHub/Studio2Dreamteam/Content/Lentz_stuffs/group_objects/lentz_grandfatherclock2.uasset" 754
"../../../../../../Users/keywh/Documents/GitHub/Studio2Dreamteam/Content/Lentz_stuffs/group_objects/lentz_desk.uasset" 755
"../../../../../../Users/keywh/Documents/GitHub/Studio2Dreamteam/Content/Lentz_stuffs/group_objects/lentz_chair.uasset" 756
"../../../../../../Users/keywh/Documents/GitHub/Studio2Dreamteam/Content/Lentz_stuffs/group_objects/lentz_carpet.uasset" 757
"../../../../../../Users/keywh/Documents/GitHub/Studio2Dreamteam/Content/Lentz_stuffs/group_objects/lentz_candle.uasset" 758
"../../../../../../Users/keywh/Documents/GitHub/Studio2Dreamteam/Content/Lentz_stuffs/group_objects/lentz_book02.uasset" 759
"../../../../../../Users/keywh/Documents/GitHub/Studio2Dreamteam/Content/Lentz_stuffs/group_objects/lentz_book01.uasset" 760
"../../../../../../Users/keywh/Documents/GitHub/Studio2Dreamteam/Content/Lentz_stuffs/lentz_carpet02.uasset" 761
"../../../../../../Users/keywh/Documents/GitHub/Studio2Dreamteam/Content/Lentz_stuffs/lentz_book03.uasset" 762
"../../../../../../Users/keywh/Documents/GitHub/Studio2Dreamteam/Content/Lentz_stuffs/carpet_texture.uasset" 763
"../../../../../../Users/keywh/Documents/GitHub/Studio2Dreamteam/Content/Lentz_stuffs/Carpet_Mat.uasset" 764
"../../../../../../Users/keywh/Documents/GitHub/Studio2Dreamteam/Content/Lentz_stuffs/books_texture.uasset" 765
"../../../../../../Users/keywh/Documents/GitHub/Studio2Dreamteam/Content/Lentz_stuffs/Books.uasset" 766
"../../../../../../Users/keywh/Documents/GitHub/Studio2Dreamteam/Content/JaVaughnTestFolder/Wall_Ref.uasset" 767
"../../../../../../Users/keywh/Documents/GitHub/Studio2Dreamteam/Content/JaVaughnTestFolder/WallDoor_Ref.uasset" 768
"../../../../../../Users/keywh/Documents/GitHub/Studio2Dreamteam/Content/JaVaughnTestFolder/HumanReference.uasset" 769
"../../../../../../Users/keywh/Documents/GitHub/Studio2Dreamteam/Content/JaVaughnTestFolder/Door_Ref.uasset" 770
"../../../../../../Users/keywh/Documents/GitHub/Studio2Dreamteam/Content/JaVaughnTestFolder/DoorHole_Ref.uasset" 771
"../../../../../../Users/keywh/Documents/GitHub/Studio2Dreamteam/Content/HannahsFolder/SM/Foyer/SM_StraightStairRailing.uasset" 772
"../../../../../../Users/keywh/Documents/GitHub/Studio2Dreamteam/Content/HannahsFolder/SM/Foyer/SM_Railing.uasset" 773
"../../../../../../Users/keywh/Documents/GitHub/Studio2Dreamteam/Content/HannahsFolder/SM/Foyer/SM_Plant1.uasset" 774
"../../../../../../Users/keywh/Documents/GitHub/Studio2Dreamteam/Content/HannahsFolder/SM/Foyer/SM_Chandeiler.uasset" 775
"../../../../../../Users/keywh/Documents/GitHub/Studio2Dreamteam/Content/HannahsFolder/SM/Foyer/SM_AngledtStairRailing2.uasset" 776
"../../../../../../Users/keywh/Documents/GitHub/Studio2Dreamteam/Content/HannahsFolder/SM/Foyer/SM_AngledtStairRailing.uasset" 777
"../../../../../../Users/keywh/Documents/GitHub/Studio2Dreamteam/Content/Foyer_Assets/Noah/Props/Wall.uasset" 778
"../../../../../../Users/keywh/Documents/GitHub/Studio2Dreamteam/Content/Foyer_Assets/Noah/Props/Vase.uasset" 779
"../../../../../../Users/keywh/Documents/GitHub/Studio2Dreamteam/Content/Foyer_Assets/Noah/Props/PillarTall.uasset" 780
"../../../../../../Users/keywh/Documents/GitHub/Studio2Dreamteam/Content/Foyer_Assets/Noah/Props/FloorUpper.uasset" 781
"../../../../../../Users/keywh/Documents/GitHub/Studio2Dreamteam/Content/Foyer_Assets/Noah/Props/FancyFrame.uasset" 782
"../../../../../../Users/keywh/Documents/GitHub/Studio2Dreamteam/Content/Foyer_Assets/Noah/Props/Door.uasset" 783
"../../../../../../Users/keywh/Documents/GitHub/Studio2Dreamteam/Content/Foyer_Assets/Noah/Props/CM_Med.uasset" 784
"../../../../../../Users/keywh/Documents/GitHub/Studio2Dreamteam/Content/Foyer_Assets/Noah/Props/CM_Large.uasset" 785
"../../../../../../Users/keywh/Documents/GitHub/Studio2Dreamteam/Content/Foyer_Assets/Noah/Props/Ceiling.uasset" 786
"../../../../../../Users/keywh/Documents/GitHub/Studio2Dreamteam/Content/VirtualRealityBP/Maps/MainLevelMap.umap" 787
"../../../../../../Users/keywh/Documents/GitHub/Studio2Dreamteam/Content/VirtualRealityBP/Maps/MainLevelMap2_BuiltData.uasset" 788
"../../../../../../Users/keywh/Documents/GitHub/Studio2Dreamteam/Content/VirtualRealityBP/Maps/MainLevelMap2.umap" 789
"../../../../../../Users/keywh/Documents/GitHub/Studio2Dreamteam/Content/VirtualRealityBP/Maps/MotionControllerMap_BuiltData.uasset" 790
"../../../../../../Users/keywh/Documents/GitHub/Studio2Dreamteam/Content/Lentz_stuffs/lentz_fancycandle.uasset" 791
"../../../../../../Users/keywh/Documents/GitHub/Studio2Dreamteam/Content/Lentz_stuffs/lentz_desk.uasset" 792
"../../../../../../Users/keywh/Documents/GitHub/Studio2Dreamteam/Content/Lentz_stuffs/lentz_carpet01.uasset" 793
"../../../../../../Users/keywh/Documents/GitHub/Studio2Dreamteam/Content/Lentz_stuffs/lentz_book02.uasset" 794
"../../../../../../Users/keywh/Documents/GitHub/Studio2Dreamteam/Content/Lentz_stuffs/crouch_desk.uasset" 795
"../../../../../../Users/keywh/Documents/GitHub/Studio2Dreamteam/Content/KeysTestFolder/EQSTestingPawn.uasset" 796
"../../../../../../Users/keywh/Documents/GitHub/Studio2Dreamteam/Content/JaVaughnTestFolder/barrier.uasset" 797
"../../../../../../Users/keywh/Documents/GitHub/Studio2Dreamteam/Content/JaVaughnTestFolder/MovingWall.uasset" 798
"../../../../../../Users/keywh/Documents/GitHub/Studio2Dreamteam/Content/JaVaughnTestFolder/FinalTrack.uasset" 799
"../../../../../../Users/keywh/Documents/GitHub/Studio2Dreamteam/Content/JaVaughnTestFolder/AxeSwing.uasset" 800
"../../../../../../Users/keywh/Documents/GitHub/Studio2Dreamteam/Content/JaVaughnTestFolder/Axe_2.uasset" 801
"../../../../../../Users/keywh/Documents/GitHub/Studio2Dreamteam/Content/HannahsFolder/SM/SM_Barrel.uasset" 802
"../../../../../../Users/keywh/Documents/GitHub/Studio2Dreamteam/Content/VirtualRealityBP/Maps/MotionControllerMap.umap" 803
"../../../../../../Users/keywh/Documents/GitHub/Studio2Dreamteam/Content/VirtualRealityBP/Maps/MotionControllerMap2_BuiltData.uasset" 804
"../../../../../../Users/keywh/Documents/GitHub/Studio2Dreamteam/Content/JaVaughnTestFolder/frame.uasset" 805
"../../../../../../Users/keywh/Documents/GitHub/Studio2Dreamteam/Content/VirtualRealityBP/Blueprints/BP_PortalFrame.uasset" 806
"../../../../../../Users/keywh/Documents/GitHub/Studio2Dreamteam/Content/JaVaughnTestFolder/MovingWall1.uasset" 807
"../../../../../../Users/keywh/Documents/GitHub/Studio2Dreamteam/Content/VirtualRealityBP/Maps/MotionControllerMap2.umap" 808
"../../../Engine/Content/Maps/Entry_BuiltData.uasset" 809
"../../../Engine/Content/Maps/Entry.umap" 810
